#
# A fatal error has been detected by the Java Runtime Environment:
#
#  SIGSEGV (0xb) at pc=0x00007fff897780dd, pid=699, tid=1811
#
# JRE version: Java(TM) SE Runtime Environment (8.0_60-b27) (build 1.8.0_60-b27)
# Java VM: Java HotSpot(TM) 64-Bit Server VM (25.60-b23 mixed mode bsd-amd64 compressed oops)
# Problematic frame:
# C  [libobjc.A.dylib+0x10dd]  objc_msgSend+0x1d
#
# Failed to write core dump. Core dumps have been disabled. To enable core dumping, try "ulimit -c unlimited" before starting Java again
#
# If you would like to submit a bug report, please visit:
#   http://bugreport.java.com/bugreport/crash.jsp
# The crash happened outside the Java Virtual Machine in native code.
# See problematic frame for where to report the bug.
#

---------------  T H R E A D  ---------------

Current thread (0x00007ff5ed0cb800):  JavaThread "AWT-AppKit" daemon [_thread_in_native, id=1811, stack(0x00007fff5eb9d000,0x00007fff5f39d000)]

siginfo: si_signo: 11 (SIGSEGV), si_code: 1 (SEGV_MAPERR), si_addr: 0x0000000000000018

Registers:
RAX=0x00007ff5f0a43250, RBX=0x0000000186021450, RCX=0x0000000126cbed60, RDX=0x0000000126cbe760
RSP=0x00007fff5f398498, RBP=0x00007fff5f398550, RSI=0x00007fff9493a41f, RDI=0x00007ff5f05c5190
R8 =0x0000000000000000, R9 =0x0000000000000f50, R10=0x00007fff9493a41f, R11=0x0000000000000000
R12=0x0000000000000000, R13=0x000000018ad38b70, R14=0x0000000186021440, R15=0x00007ff5ed0cb800
RIP=0x00007fff897780dd, EFLAGS=0x0000000000010246, ERR=0x0000000000000004
  TRAPNO=0x000000000000000e

Top of Stack: (sp=0x00007fff5f398498)
0x00007fff5f398498:   000000018601f157 00007fff5f3984f0
0x00007fff5f3984a8:   0000000000000003 00007fff5f3984d0
0x00007fff5f3984b8:   0000000101bf1992 000000018ad38b70
0x00007fff5f3984c8:   000000018ad38b70 00007ff5f0a43250
0x00007fff5f3984d8:   00000001860216a0 0000000186021710
0x00007fff5f3984e8:   00007fff773cf550 00007fff7723ac80
0x00007fff5f3984f8:   0000000186021450 0000000186021690
0x00007fff5f398508:   00007ff5f0a43250 00007ff5f05c5190
0x00007fff5f398518:   00007ff5ebb1bfb0 00007ff5f0a43250
0x00007fff5f398528:   00007ff5f05c5190 00007fff5f3985d8
0x00007fff5f398538:   00007ff5ed0cb9f8 000000018ad38b70
0x00007fff5f398548:   00007fff5f398600 00007fff5f3985c8
0x00007fff5f398558:   0000000102aa1954 000000018ad38b70
0x00007fff5f398568:   00007fff5f398600 00007fff5f3985c8
0x00007fff5f398578:   0000000102aa16e7 0000000102aa16a2
0x00007fff5f398588:   00007fff5f398588 000000018ad38b70
0x00007fff5f398598:   00007fff5f398600 000000018ad3b7a8
0x00007fff5f3985a8:   0000000000000000 000000018ad38b70
0x00007fff5f3985b8:   0000000000000000 00007fff5f3985e8
0x00007fff5f3985c8:   00007fff5f398648 0000000102a93c4d
0x00007fff5f3985d8:   000000076f5f0938 0000000102a9b578
0x00007fff5f3985e8:   00007ff5f0a43250 00007fff5f398648
0x00007fff5f3985f8:   00007ff5f05c5190 0000000102a9cd82
0x00007fff5f398608:   00007fff5f398608 000000018ad38d3a
0x00007fff5f398618:   00007fff5f398670 000000018ad3b7a8
0x00007fff5f398628:   0000000000000000 000000018ad38d48
0x00007fff5f398638:   00007fff5f3985e8 00007fff5f398658
0x00007fff5f398648:   00007fff5f3986b8 0000000102a93c4d
0x00007fff5f398658:   00007ff5f0a43250 000000076f614938
0x00007fff5f398668:   00007ff5f05c5190 000000076f614938
0x00007fff5f398678:   00007fff5f398678 00000001908fe036
0x00007fff5f398688:   00007fff5f3986c8 00000001908fe0f0 

Instructions: (pc=0x00007fff897780dd)
0x00007fff897780bd:   00 00 00 48 85 ff 2e 74 7a 40 f6 c7 01 2e 75 7e
0x00007fff897780cd:   49 bb f8 ff ff ff ff 7f 00 00 4c 23 1f 49 89 f2
0x00007fff897780dd:   45 23 53 18 49 c1 e2 04 4d 03 53 10 49 3b 32 75
0x00007fff897780ed:   04 41 ff 62 08 49 83 3a 00 74 6a 4d 3b 53 10 74 

Register to memory mapping:

RAX=0x00007ff5f0a43250 is an unknown value
RBX=0x0000000186021450: Java_jogamp_nativewindow_macosx_OSXUtil_GetScreenRefreshRate0+0x1cf0 in /private/var/folders/mh/2lknkfks3wz2hq1cjmpl9h680000gn/T/jogamp_0000/file_cache/jln657606841207941610/jln6508749232232482343/libnativewindow_macosx.jnilib at 0x000000018601a000
RCX=0x0000000126cbed60 is an unknown value
RDX=0x0000000126cbe760 is an unknown value
RSP=0x00007fff5f398498 is pointing into the stack for thread: 0x00007ff5ed0cb800
RBP=0x00007fff5f398550 is pointing into the stack for thread: 0x00007ff5ed0cb800
RSI=0x00007fff9493a41f is an unknown value
RDI=0x00007ff5f05c5190 is an unknown value
R8 =0x0000000000000000 is an unknown value
R9 =0x0000000000000f50 is an unknown value
R10=0x00007fff9493a41f is an unknown value
R11=0x0000000000000000 is an unknown value
R12=0x0000000000000000 is an unknown value
R13={method} {0x000000018ad38b70} 'UnsetJAWTRootSurfaceLayer0' '(JJ)V' in 'jogamp/nativewindow/jawt/macosx/MacOSXJAWTWindow'
R14=0x0000000186021440: Java_jogamp_nativewindow_macosx_OSXUtil_GetScreenRefreshRate0+0x1ce0 in /private/var/folders/mh/2lknkfks3wz2hq1cjmpl9h680000gn/T/jogamp_0000/file_cache/jln657606841207941610/jln6508749232232482343/libnativewindow_macosx.jnilib at 0x000000018601a000
R15=0x00007ff5ed0cb800 is a thread


Stack: [0x00007fff5eb9d000,0x00007fff5f39d000],  sp=0x00007fff5f398498,  free space=8173k
Native frames: (J=compiled Java code, j=interpreted, Vv=VM code, C=native code)
C  [libobjc.A.dylib+0x10dd]  objc_msgSend+0x1d
j  jogamp.nativewindow.jawt.macosx.MacOSXJAWTWindow.UnsetJAWTRootSurfaceLayer0(JJ)V+0
j  jogamp.nativewindow.jawt.macosx.MacOSXJAWTWindow.access$200(JJ)V+2
j  jogamp.nativewindow.jawt.macosx.MacOSXJAWTWindow$1.run()V+38
J 2355 C1 com.jogamp.common.util.RunnableTask.run()V (345 bytes) @ 0x000000010330ae14 [0x000000010330ac80+0x194]
v  ~StubRoutines::call_stub
V  [libjvm.dylib+0x2eab0e]
V  [libjvm.dylib+0x321bb7]
V  [libjvm.dylib+0x31438b]
C  [libnativewindow_macosx.jnilib+0x5326]  Java_jogamp_nativewindow_jawt_macosx_MacOSXJAWTWindow_UnsetJAWTRootSurfaceLayer0+0x2b6
C  [Foundation+0x92d00]  __NSThreadPerformPerform+0x125
C  [CoreFoundation+0x80a01]  __CFRUNLOOP_IS_CALLING_OUT_TO_A_SOURCE0_PERFORM_FUNCTION__+0x11
C  [CoreFoundation+0x72c5c]  __CFRunLoopDoSources0+0x1dc
C  [CoreFoundation+0x721bf]  __CFRunLoopRun+0x39f
C  [CoreFoundation+0x71bd8]  CFRunLoopRunSpecific+0x128
C  [HIToolbox+0x3256f]  RunCurrentEventLoopInMode+0xeb
C  [HIToolbox+0x321ee]  ReceiveNextEventCommon+0xb3
C  [HIToolbox+0x3212b]  _BlockUntilNextEventMatchingListInModeWithFilter+0x47
C  [AppKit+0x919bb]  _DPSNextEvent+0x3d2
C  [AppKit+0x90f68]  -[NSApplication nextEventMatchingMask:untilDate:inMode:dequeue:]+0x15a
C  [libosxapp.dylib+0x23aa]  -[NSApplicationAWT nextEventMatchingMask:untilDate:inMode:dequeue:]+0x7c
C  [AppKit+0x86bf3]  -[NSApplication run]+0x252
C  [libosxapp.dylib+0x214d]  +[NSApplicationAWT runAWTLoopWithApp:]+0x9c
C  [libawt_lwawt.dylib+0x44517]  -[AWTStarter starter:]+0x389
C  [Foundation+0x92d00]  __NSThreadPerformPerform+0x125
C  [CoreFoundation+0x80a01]  __CFRUNLOOP_IS_CALLING_OUT_TO_A_SOURCE0_PERFORM_FUNCTION__+0x11
C  [CoreFoundation+0x72b8d]  __CFRunLoopDoSources0+0x10d
C  [CoreFoundation+0x721bf]  __CFRunLoopRun+0x39f
C  [CoreFoundation+0x71bd8]  CFRunLoopRunSpecific+0x128
C  [java+0x6463]  CreateExecutionEnvironment+0x367
C  [java+0x21ac]  JLI_Launch+0x7a0
C  [java+0x84c0]  main+0x65
C  [java+0x1a04]  start+0x34
C  0x0000000000000007

Java frames: (J=compiled Java code, j=interpreted, Vv=VM code)
j  jogamp.nativewindow.jawt.macosx.MacOSXJAWTWindow.UnsetJAWTRootSurfaceLayer0(JJ)V+0
j  jogamp.nativewindow.jawt.macosx.MacOSXJAWTWindow.access$200(JJ)V+2
j  jogamp.nativewindow.jawt.macosx.MacOSXJAWTWindow$1.run()V+38
J 2355 C1 com.jogamp.common.util.RunnableTask.run()V (345 bytes) @ 0x000000010330ae14 [0x000000010330ac80+0x194]
v  ~StubRoutines::call_stub

---------------  P R O C E S S  ---------------

Java Threads: ( => current thread )
  0x00007ff5f1abe000 JavaThread "Thread-19" [_thread_blocked, id=39703, stack(0x00000001209e0000,0x0000000120ae0000)]
  0x00007ff5e99e3800 JavaThread "AWT-EventQueue-1" [_thread_in_native, id=60967, stack(0x000000018684d000,0x000000018694d000)]
  0x00007ff5eab25800 JavaThread "DestroyJavaVM" [_thread_blocked, id=4867, stack(0x000000010298a000,0x0000000102a8a000)]
  0x00007ff5ed114800 JavaThread "AWT-EventQueue-0" [_thread_blocked, id=58627, stack(0x0000000126b82000,0x0000000126c82000)]
  0x00007ff5ea0bf000 JavaThread "Java2D Disposer" daemon [_thread_blocked, id=55575, stack(0x0000000125858000,0x0000000125958000)]
  0x00007ff5ea0c2800 JavaThread "Java2D Queue Flusher" daemon [_thread_blocked, id=54279, stack(0x0000000124eb9000,0x0000000124fb9000)]
  0x00007ff5ed0cd000 JavaThread "AWT-Shutdown" [_thread_blocked, id=31251, stack(0x0000000121f23000,0x0000000122023000)]
=>0x00007ff5ed0cb800 JavaThread "AWT-AppKit" daemon [_thread_in_native, id=1811, stack(0x00007fff5eb9d000,0x00007fff5f39d000)]
  0x00007ff5ea01b800 JavaThread "Service Thread" daemon [_thread_blocked, id=20739, stack(0x0000000120468000,0x0000000120568000)]
  0x00007ff5ea843800 JavaThread "C1 CompilerThread3" daemon [_thread_blocked, id=20227, stack(0x0000000120365000,0x0000000120465000)]
  0x00007ff5ea843000 JavaThread "C2 CompilerThread2" daemon [_thread_blocked, id=19715, stack(0x0000000120262000,0x0000000120362000)]
  0x00007ff5ed001000 JavaThread "C2 CompilerThread1" daemon [_thread_blocked, id=19203, stack(0x000000012015f000,0x000000012025f000)]
  0x00007ff5ea001000 JavaThread "C2 CompilerThread0" daemon [_thread_blocked, id=18691, stack(0x000000012005c000,0x000000012015c000)]
  0x00007ff5ea00c000 JavaThread "Signal Dispatcher" daemon [_thread_blocked, id=15383, stack(0x000000011ff59000,0x0000000120059000)]
  0x00007ff5ea83f000 JavaThread "Finalizer" daemon [_thread_blocked, id=13571, stack(0x000000011e538000,0x000000011e638000)]
  0x00007ff5ea806800 JavaThread "Reference Handler" daemon [_thread_blocked, id=13059, stack(0x000000011e435000,0x000000011e535000)]

Other Threads:
  0x00007ff5e982d000 VMThread [stack: 0x000000011e332000,0x000000011e432000] [id=12547]
  0x00007ff5ea00e000 WatcherThread [stack: 0x000000012056b000,0x000000012066b000] [id=21251]

VM state:not at safepoint (normal execution)

VM Mutex/Monitor currently owned by a thread: None

Heap:
 PSYoungGen      total 76288K, used 47433K [0x000000076ab00000, 0x0000000770000000, 0x00000007c0000000)
  eden space 65536K, 55% used [0x000000076ab00000,0x000000076ced3070,0x000000076eb00000)
  from space 10752K, 99% used [0x000000076f580000,0x000000076ffff510,0x0000000770000000)
  to   space 10752K, 0% used [0x000000076eb00000,0x000000076eb00000,0x000000076f580000)
 ParOldGen       total 175104K, used 4797K [0x00000006c0000000, 0x00000006cab00000, 0x000000076ab00000)
  object space 175104K, 2% used [0x00000006c0000000,0x00000006c04af5b0,0x00000006cab00000)
 Metaspace       used 20966K, capacity 21139K, committed 21296K, reserved 1069056K
  class space    used 2041K, capacity 2112K, committed 2176K, reserved 1048576K

Card table byte_map: [0x0000000111e4c000,0x000000011264d000] byte_map_base: 0x000000010e84c000

Marking Bits: (ParMarkBitMap*) 0x00000001022dee20
 Begin Bits: [0x00000001133bb000, 0x00000001173bb000)
 End Bits:   [0x00000001173bb000, 0x000000011b3bb000)

Polling page: 0x00000001009bc000

CodeCache: size=245760Kb used=9766Kb max_used=9779Kb free=235993Kb
 bounds [0x0000000102a8c000, 0x000000010342c000, 0x0000000111a8c000]
 total_blobs=3565 nmethods=2675 adapters=803
 compilation: enabled

Compilation events (10 events):
Event: 15.358 Thread 0x00007ff5ea843800 2674       3       javax.media.nativewindow.DefaultGraphicsDevice::lock (10 bytes)
Event: 15.358 Thread 0x00007ff5ea843800 nmethod 2674 0x0000000103410f10 code [0x0000000103411080, 0x00000001034112a8]
Event: 15.358 Thread 0x00007ff5ea843800 2675       3       javax.media.nativewindow.DefaultGraphicsDevice::unlock (10 bytes)
Event: 15.358 Thread 0x00007ff5ea843800 nmethod 2675 0x0000000103412e10 code [0x0000000103412f80, 0x00000001034131a8]
Event: 15.359 Thread 0x00007ff5ed001000 2676  s    4       sun.misc.URLClassPath::getNextLoader (88 bytes)
Event: 15.360 Thread 0x00007ff5ea843800 2677       3       java.util.IdentityHashMap::maskNull (12 bytes)
Event: 15.360 Thread 0x00007ff5ea843800 nmethod 2677 0x0000000103412a90 code [0x0000000103412c00, 0x0000000103412d90]
Event: 15.361 Thread 0x00007ff5ea843800 2678       3       sun.java2d.pipe.RenderBuffer::putFloat (26 bytes)
Event: 15.361 Thread 0x00007ff5ea843800 nmethod 2678 0x00000001034126d0 code [0x0000000103412840, 0x00000001034129d0]
Event: 15.363 Thread 0x00007ff5ed001000 nmethod 2676 0x0000000103420590 code [0x0000000103420700, 0x0000000103420e78]

GC Heap History (4 events):
Event: 2.403 GC heap before
{Heap before GC invocations=1 (full 0):
 PSYoungGen      total 76288K, used 65536K [0x000000076ab00000, 0x0000000770000000, 0x00000007c0000000)
  eden space 65536K, 100% used [0x000000076ab00000,0x000000076eb00000,0x000000076eb00000)
  from space 10752K, 0% used [0x000000076f580000,0x000000076f580000,0x0000000770000000)
  to   space 10752K, 0% used [0x000000076eb00000,0x000000076eb00000,0x000000076f580000)
 ParOldGen       total 175104K, used 0K [0x00000006c0000000, 0x00000006cab00000, 0x000000076ab00000)
  object space 175104K, 0% used [0x00000006c0000000,0x00000006c0000000,0x00000006cab00000)
 Metaspace       used 18731K, capacity 18883K, committed 19200K, reserved 1067008K
  class space    used 1900K, capacity 1982K, committed 2048K, reserved 1048576K
Event: 2.410 GC heap after
Heap after GC invocations=1 (full 0):
 PSYoungGen      total 76288K, used 8695K [0x000000076ab00000, 0x0000000770000000, 0x00000007c0000000)
  eden space 65536K, 0% used [0x000000076ab00000,0x000000076ab00000,0x000000076eb00000)
  from space 10752K, 80% used [0x000000076eb00000,0x000000076f37de08,0x000000076f580000)
  to   space 10752K, 0% used [0x000000076f580000,0x000000076f580000,0x0000000770000000)
 ParOldGen       total 175104K, used 80K [0x00000006c0000000, 0x00000006cab00000, 0x000000076ab00000)
  object space 175104K, 0% used [0x00000006c0000000,0x00000006c0014010,0x00000006cab00000)
 Metaspace       used 18731K, capacity 18883K, committed 19200K, reserved 1067008K
  class space    used 1900K, capacity 1982K, committed 2048K, reserved 1048576K
}
Event: 8.632 GC heap before
{Heap before GC invocations=2 (full 0):
 PSYoungGen      total 76288K, used 74231K [0x000000076ab00000, 0x0000000770000000, 0x00000007c0000000)
  eden space 65536K, 100% used [0x000000076ab00000,0x000000076eb00000,0x000000076eb00000)
  from space 10752K, 80% used [0x000000076eb00000,0x000000076f37de08,0x000000076f580000)
  to   space 10752K, 0% used [0x000000076f580000,0x000000076f580000,0x0000000770000000)
 ParOldGen       total 175104K, used 80K [0x00000006c0000000, 0x00000006cab00000, 0x000000076ab00000)
  object space 175104K, 0% used [0x00000006c0000000,0x00000006c0014010,0x00000006cab00000)
 Metaspace       used 20783K, capacity 20947K, committed 21120K, reserved 1069056K
  class space    used 2032K, capacity 2112K, committed 2176K, reserved 1048576K
Event: 8.644 GC heap after
Heap after GC invocations=2 (full 0):
 PSYoungGen      total 76288K, used 10749K [0x000000076ab00000, 0x0000000770000000, 0x00000007c0000000)
  eden space 65536K, 0% used [0x000000076ab00000,0x000000076ab00000,0x000000076eb00000)
  from space 10752K, 99% used [0x000000076f580000,0x000000076ffff510,0x0000000770000000)
  to   space 10752K, 0% used [0x000000076eb00000,0x000000076eb00000,0x000000076f580000)
 ParOldGen       total 175104K, used 4797K [0x00000006c0000000, 0x00000006cab00000, 0x000000076ab00000)
  object space 175104K, 2% used [0x00000006c0000000,0x00000006c04af5b0,0x00000006cab00000)
 Metaspace       used 20783K, capacity 20947K, committed 21120K, reserved 1069056K
  class space    used 2032K, capacity 2112K, committed 2176K, reserved 1048576K
}

Deoptimization events (10 events):
Event: 2.519 Thread 0x00007ff5e99e3800 Uncommon trap: reason=unstable_if action=reinterpret pc=0x0000000102e2c910 method=java.lang.String.trim()Ljava/lang/String; @ 23
Event: 2.644 Thread 0x00007ff5e9c84000 Uncommon trap: reason=unstable_if action=reinterpret pc=0x0000000102e3eb50 method=java.lang.String.regionMatches(ZILjava/lang/String;II)Z @ 123
Event: 15.315 Thread 0x00007ff5e99e3800 Uncommon trap: reason=class_check action=maybe_recompile pc=0x0000000102e57210 method=java.util.Arrays.copyOf([Ljava/lang/Object;ILjava/lang/Class;)[Ljava/lang/Object; @ 24
Event: 15.315 Thread 0x00007ff5e99e3800 Uncommon trap: reason=class_check action=maybe_recompile pc=0x0000000102e57210 method=java.util.Arrays.copyOf([Ljava/lang/Object;ILjava/lang/Class;)[Ljava/lang/Object; @ 24
Event: 15.315 Thread 0x00007ff5e99e3800 Uncommon trap: reason=class_check action=maybe_recompile pc=0x0000000102e57210 method=java.util.Arrays.copyOf([Ljava/lang/Object;ILjava/lang/Class;)[Ljava/lang/Object; @ 24
Event: 15.315 Thread 0x00007ff5e99e3800 Uncommon trap: reason=unstable_if action=reinterpret pc=0x00000001031312a8 method=com.jogamp.common.util.VersionNumber.compareTo(Lcom/jogamp/common/util/VersionNumber;)I @ 21
Event: 15.321 Thread 0x00007ff5ed114800 Uncommon trap: reason=unstable_if action=reinterpret pc=0x000000010325eb88 method=java.awt.font.FontRenderContext.equals(Ljava/awt/font/FontRenderContext;)Z @ 2
Event: 15.348 Thread 0x00007ff5ed145000 Uncommon trap: reason=unstable_if action=reinterpret pc=0x0000000102fbbd4c method=java.util.HashMap.putVal(ILjava/lang/Object;Ljava/lang/Object;ZZ)Ljava/lang/Object; @ 81
Event: 15.348 Thread 0x00007ff5ed145000 Uncommon trap: reason=unstable_if action=reinterpret pc=0x0000000102fb1c94 method=java.util.HashMap.putVal(ILjava/lang/Object;Ljava/lang/Object;ZZ)Ljava/lang/Object; @ 81
Event: 15.360 Thread 0x00007ff5e99e3800 Uncommon trap: reason=unstable_if action=reinterpret pc=0x0000000103400088 method=java.security.AccessControlContext.optimize()Ljava/security/AccessControlContext; @ 233

Internal exceptions (10 events):
Event: 0.115 Thread 0x00007ff5ea003000 Exception <a 'java/lang/NoSuchFieldError': method resolution failed> (0x000000076af3abd8) thrown at [/Users/java_re/workspace/8-2-build-macosx-x86_64/jdk8u60/4407/hotspot/src/share/vm/prims/methodHandles.cpp, line 1146]
Event: 0.116 Thread 0x00007ff5ea003000 Exception <a 'java/lang/NoSuchFieldError': method resolution failed> (0x000000076af483a8) thrown at [/Users/java_re/workspace/8-2-build-macosx-x86_64/jdk8u60/4407/hotspot/src/share/vm/prims/methodHandles.cpp, line 1146]
Event: 0.258 Thread 0x00007ff5ea003000 Exception <a 'java/io/FileNotFoundException'> (0x000000076afc4298) thrown at [/Users/java_re/workspace/8-2-build-macosx-x86_64/jdk8u60/4407/hotspot/src/share/vm/prims/jni.cpp, line 709]
Event: 0.258 Thread 0x00007ff5ea003000 Exception <a 'java/io/FileNotFoundException'> (0x000000076afc4df8) thrown at [/Users/java_re/workspace/8-2-build-macosx-x86_64/jdk8u60/4407/hotspot/src/share/vm/prims/jni.cpp, line 709]
Event: 0.332 Thread 0x00007ff5ea003000 Exception <a 'java/io/FileNotFoundException'> (0x000000076b1a4908) thrown at [/Users/java_re/workspace/8-2-build-macosx-x86_64/jdk8u60/4407/hotspot/src/share/vm/prims/jni.cpp, line 709]
Event: 1.518 Thread 0x00007ff5ed1e2000 Exception <a 'java/lang/UnsatisfiedLinkError': com.jogamp.common.util.JarUtil.fixNativeLibAttribs(Ljava/lang/String;)Z> (0x000000076c693a00) thrown at [/Users/java_re/workspace/8-2-build-macosx-x86_64/jdk8u60/4407/hotspot/src/share/vm/prims/nativeLookup.c
Event: 2.182 Thread 0x00007ff5e99e3800 Exception <a 'java/io/FileNotFoundException'> (0x000000076d9feac0) thrown at [/Users/java_re/workspace/8-2-build-macosx-x86_64/jdk8u60/4407/hotspot/src/share/vm/prims/jni.cpp, line 709]
Event: 2.183 Thread 0x00007ff5e99e3800 Exception <a 'java/io/FileNotFoundException'> (0x000000076da05e88) thrown at [/Users/java_re/workspace/8-2-build-macosx-x86_64/jdk8u60/4407/hotspot/src/share/vm/prims/jni.cpp, line 709]
Event: 2.183 Thread 0x00007ff5e99e3800 Implicit null exception at 0x0000000102c3e0f5 to 0x0000000102c3e459
Event: 2.412 Thread 0x00007ff5ea83f000 Exception <a 'java/lang/NullPointerException'> (0x000000076aeaefd0) thrown at [/Users/java_re/workspace/8-2-build-macosx-x86_64/jdk8u60/4407/hotspot/src/share/vm/interpreter/linkResolver.cpp, line 1178]

Events (10 events):
Event: 15.360 Thread 0x00007ff5e99e3800 DEOPT UNPACKING pc=0x0000000102a91229 sp=0x000000018694a760 mode 2
Event: 15.360 loading class java/awt/LightweightDispatcher$2
Event: 15.360 loading class java/awt/LightweightDispatcher$2 done
Event: 15.360 loading class java/awt/event/AWTEventListenerProxy
Event: 15.360 loading class java/awt/event/AWTEventListenerProxy done
Event: 15.360 loading class java/awt/Toolkit$ToolkitEventMulticaster
Event: 15.360 loading class java/awt/Toolkit$ToolkitEventMulticaster done
Event: 15.360 Thread 0x00007ff5ed145000 Thread exited: 0x00007ff5ed145000
Event: 15.361 loading class java/awt/Window$1DisposeAction
Event: 15.361 loading class java/awt/Window$1DisposeAction done


Dynamic libraries:
0x0000000007173000 	/System/Library/Frameworks/Cocoa.framework/Versions/A/Cocoa
0x0000000007173000 	/System/Library/Frameworks/Security.framework/Versions/A/Security
0x0000000007173000 	/System/Library/Frameworks/ApplicationServices.framework/Versions/A/ApplicationServices
0x0000000007173000 	/usr/lib/libz.1.dylib
0x0000000007173000 	/usr/lib/libSystem.B.dylib
0x0000000007173000 	/usr/lib/libobjc.A.dylib
0x0000000007173000 	/System/Library/Frameworks/CoreFoundation.framework/Versions/A/CoreFoundation
0x0000000007173000 	/System/Library/Frameworks/Foundation.framework/Versions/C/Foundation
0x0000000007173000 	/System/Library/Frameworks/AppKit.framework/Versions/C/AppKit
0x0000000007173000 	/System/Library/Frameworks/CoreData.framework/Versions/A/CoreData
0x0000000007173000 	/System/Library/PrivateFrameworks/RemoteViewServices.framework/Versions/A/RemoteViewServices
0x0000000007173000 	/System/Library/PrivateFrameworks/UIFoundation.framework/Versions/A/UIFoundation
0x0000000007173000 	/System/Library/Frameworks/IOSurface.framework/Versions/A/IOSurface
0x0000000007173000 	/System/Library/Frameworks/AudioToolbox.framework/Versions/A/AudioToolbox
0x0000000007173000 	/System/Library/Frameworks/AudioUnit.framework/Versions/A/AudioUnit
0x0000000007173000 	/System/Library/PrivateFrameworks/DataDetectorsCore.framework/Versions/A/DataDetectorsCore
0x0000000007173000 	/System/Library/PrivateFrameworks/DesktopServicesPriv.framework/Versions/A/DesktopServicesPriv
0x0000000007173000 	/System/Library/Frameworks/Carbon.framework/Versions/A/Frameworks/HIToolbox.framework/Versions/A/HIToolbox
0x0000000007173000 	/System/Library/Frameworks/QuartzCore.framework/Versions/A/QuartzCore
0x0000000007173000 	/System/Library/Frameworks/Carbon.framework/Versions/A/Frameworks/SpeechRecognition.framework/Versions/A/SpeechRecognition
0x0000000007173000 	/usr/lib/libauto.dylib
0x0000000007173000 	/usr/lib/libicucore.A.dylib
0x0000000007173000 	/usr/lib/libxml2.2.dylib
0x0000000007173000 	/System/Library/PrivateFrameworks/CoreUI.framework/Versions/A/CoreUI
0x0000000007173000 	/System/Library/Frameworks/CoreAudio.framework/Versions/A/CoreAudio
0x0000000007173000 	/System/Library/Frameworks/DiskArbitration.framework/Versions/A/DiskArbitration
0x0000000007173000 	/usr/lib/liblangid.dylib
0x0000000007173000 	/System/Library/PrivateFrameworks/MultitouchSupport.framework/Versions/A/MultitouchSupport
0x0000000007173000 	/System/Library/Frameworks/IOKit.framework/Versions/A/IOKit
0x0000000007173000 	/usr/lib/libDiagnosticMessagesClient.dylib
0x0000000007173000 	/System/Library/Frameworks/CoreServices.framework/Versions/A/CoreServices
0x0000000007173000 	/System/Library/PrivateFrameworks/PerformanceAnalysis.framework/Versions/A/PerformanceAnalysis
0x0000000007173000 	/System/Library/PrivateFrameworks/GenerationalStorage.framework/Versions/A/GenerationalStorage
0x0000000007173000 	/System/Library/Frameworks/OpenGL.framework/Versions/A/OpenGL
0x0000000007173000 	/System/Library/PrivateFrameworks/Sharing.framework/Versions/A/Sharing
0x0000000007173000 	/System/Library/Frameworks/CoreGraphics.framework/Versions/A/CoreGraphics
0x0000000007173000 	/System/Library/Frameworks/CoreText.framework/Versions/A/CoreText
0x0000000007173000 	/System/Library/Frameworks/ImageIO.framework/Versions/A/ImageIO
0x0000000007173000 	/usr/lib/libextension.dylib
0x0000000007173000 	/System/Library/PrivateFrameworks/Backup.framework/Versions/A/Backup
0x0000000007173000 	/usr/lib/libarchive.2.dylib
0x0000000007173000 	/System/Library/Frameworks/CFNetwork.framework/Versions/A/CFNetwork
0x0000000007173000 	/System/Library/Frameworks/SystemConfiguration.framework/Versions/A/SystemConfiguration
0x0000000007173000 	/usr/lib/libCRFSuite.dylib
0x0000000007173000 	/usr/lib/libc++.1.dylib
0x0000000007173000 	/usr/lib/libc++abi.dylib
0x0000000007173000 	/usr/lib/system/libcache.dylib
0x0000000007173000 	/usr/lib/system/libcommonCrypto.dylib
0x0000000007173000 	/usr/lib/system/libcompiler_rt.dylib
0x0000000007173000 	/usr/lib/system/libcopyfile.dylib
0x0000000007173000 	/usr/lib/system/libcorecrypto.dylib
0x0000000007173000 	/usr/lib/system/libdispatch.dylib
0x0000000007173000 	/usr/lib/system/libdyld.dylib
0x0000000007173000 	/usr/lib/system/libkeymgr.dylib
0x0000000007173000 	/usr/lib/system/liblaunch.dylib
0x0000000007173000 	/usr/lib/system/libmacho.dylib
0x0000000007173000 	/usr/lib/system/libquarantine.dylib
0x0000000007173000 	/usr/lib/system/libremovefile.dylib
0x0000000007173000 	/usr/lib/system/libsystem_asl.dylib
0x0000000007173000 	/usr/lib/system/libsystem_blocks.dylib
0x0000000007173000 	/usr/lib/system/libsystem_c.dylib
0x0000000007173000 	/usr/lib/system/libsystem_configuration.dylib
0x0000000007173000 	/usr/lib/system/libsystem_coreservices.dylib
0x0000000007173000 	/usr/lib/system/libsystem_coretls.dylib
0x0000000007173000 	/usr/lib/system/libsystem_dnssd.dylib
0x0000000007173000 	/usr/lib/system/libsystem_info.dylib
0x0000000007173000 	/usr/lib/system/libsystem_kernel.dylib
0x0000000007173000 	/usr/lib/system/libsystem_m.dylib
0x0000000007173000 	/usr/lib/system/libsystem_malloc.dylib
0x0000000007173000 	/usr/lib/system/libsystem_network.dylib
0x0000000007173000 	/usr/lib/system/libsystem_networkextension.dylib
0x0000000007173000 	/usr/lib/system/libsystem_notify.dylib
0x0000000007173000 	/usr/lib/system/libsystem_platform.dylib
0x0000000007173000 	/usr/lib/system/libsystem_pthread.dylib
0x0000000007173000 	/usr/lib/system/libsystem_sandbox.dylib
0x0000000007173000 	/usr/lib/system/libsystem_secinit.dylib
0x0000000007173000 	/usr/lib/system/libsystem_stats.dylib
0x0000000007173000 	/usr/lib/system/libsystem_trace.dylib
0x0000000007173000 	/usr/lib/system/libunc.dylib
0x0000000007173000 	/usr/lib/system/libunwind.dylib
0x0000000007173000 	/usr/lib/system/libxpc.dylib
0x0000000007173000 	/usr/lib/libbz2.1.0.dylib
0x0000000007173000 	/usr/lib/liblzma.5.dylib
0x0000000007173000 	/usr/lib/libbsm.0.dylib
0x0000000007173000 	/usr/lib/libsqlite3.dylib
0x0000000007173000 	/usr/lib/system/libkxld.dylib
0x0000000007173000 	/usr/lib/libxar.1.dylib
0x0000000007173000 	/usr/lib/libpam.2.dylib
0x0000000007173000 	/usr/lib/libOpenScriptingUtil.dylib
0x0000000007173000 	/System/Library/Frameworks/CoreServices.framework/Versions/A/Frameworks/FSEvents.framework/Versions/A/FSEvents
0x0000000007173000 	/System/Library/Frameworks/CoreServices.framework/Versions/A/Frameworks/CarbonCore.framework/Versions/A/CarbonCore
0x0000000007173000 	/System/Library/Frameworks/CoreServices.framework/Versions/A/Frameworks/Metadata.framework/Versions/A/Metadata
0x0000000007173000 	/System/Library/Frameworks/CoreServices.framework/Versions/A/Frameworks/OSServices.framework/Versions/A/OSServices
0x0000000007173000 	/System/Library/Frameworks/CoreServices.framework/Versions/A/Frameworks/SearchKit.framework/Versions/A/SearchKit
0x0000000007173000 	/System/Library/Frameworks/CoreServices.framework/Versions/A/Frameworks/AE.framework/Versions/A/AE
0x0000000007173000 	/System/Library/Frameworks/CoreServices.framework/Versions/A/Frameworks/LaunchServices.framework/Versions/A/LaunchServices
0x0000000007173000 	/System/Library/Frameworks/CoreServices.framework/Versions/A/Frameworks/DictionaryServices.framework/Versions/A/DictionaryServices
0x0000000007173000 	/System/Library/Frameworks/NetFS.framework/Versions/A/NetFS
0x0000000007173000 	/System/Library/PrivateFrameworks/NetAuth.framework/Versions/A/NetAuth
0x0000000007173000 	/System/Library/PrivateFrameworks/login.framework/Versions/A/Frameworks/loginsupport.framework/Versions/A/loginsupport
0x0000000007173000 	/System/Library/PrivateFrameworks/TCC.framework/Versions/A/TCC
0x0000000007173000 	/usr/lib/libmecabra.dylib
0x0000000007173000 	/System/Library/Frameworks/ApplicationServices.framework/Versions/A/Frameworks/ATS.framework/Versions/A/ATS
0x0000000007173000 	/System/Library/Frameworks/ApplicationServices.framework/Versions/A/Frameworks/ColorSync.framework/Versions/A/ColorSync
0x0000000007173000 	/System/Library/Frameworks/ApplicationServices.framework/Versions/A/Frameworks/HIServices.framework/Versions/A/HIServices
0x0000000007173000 	/System/Library/Frameworks/ApplicationServices.framework/Versions/A/Frameworks/LangAnalysis.framework/Versions/A/LangAnalysis
0x0000000007173000 	/System/Library/Frameworks/ApplicationServices.framework/Versions/A/Frameworks/PrintCore.framework/Versions/A/PrintCore
0x0000000007173000 	/System/Library/Frameworks/ApplicationServices.framework/Versions/A/Frameworks/QD.framework/Versions/A/QD
0x0000000007173000 	/System/Library/Frameworks/ApplicationServices.framework/Versions/A/Frameworks/SpeechSynthesis.framework/Versions/A/SpeechSynthesis
0x0000000007173000 	/System/Library/Frameworks/Accelerate.framework/Versions/A/Accelerate
0x0000000007173000 	/System/Library/Frameworks/Accelerate.framework/Versions/A/Frameworks/vImage.framework/Versions/A/vImage
0x0000000007173000 	/System/Library/Frameworks/Accelerate.framework/Versions/A/Frameworks/vecLib.framework/Versions/A/vecLib
0x0000000007173000 	/System/Library/Frameworks/Accelerate.framework/Versions/A/Frameworks/vecLib.framework/Versions/A/libvDSP.dylib
0x0000000007173000 	/System/Library/Frameworks/Accelerate.framework/Versions/A/Frameworks/vecLib.framework/Versions/A/libvMisc.dylib
0x0000000007173000 	/System/Library/Frameworks/Accelerate.framework/Versions/A/Frameworks/vecLib.framework/Versions/A/libLAPACK.dylib
0x0000000007173000 	/System/Library/Frameworks/Accelerate.framework/Versions/A/Frameworks/vecLib.framework/Versions/A/libBLAS.dylib
0x0000000007173000 	/System/Library/Frameworks/Accelerate.framework/Versions/A/Frameworks/vecLib.framework/Versions/A/libLinearAlgebra.dylib
0x0000000007173000 	/System/Library/Frameworks/ApplicationServices.framework/Versions/A/Frameworks/ATS.framework/Versions/A/Resources/libFontParser.dylib
0x0000000007173000 	/System/Library/Frameworks/ApplicationServices.framework/Versions/A/Frameworks/ATS.framework/Versions/A/Resources/libFontRegistry.dylib
0x0000000007173000 	/System/Library/PrivateFrameworks/AppleVPA.framework/Versions/A/AppleVPA
0x0000000007173000 	/System/Library/PrivateFrameworks/AppleJPEG.framework/Versions/A/AppleJPEG
0x0000000007173000 	/System/Library/Frameworks/ImageIO.framework/Versions/A/Resources/libJPEG.dylib
0x0000000007173000 	/System/Library/Frameworks/ImageIO.framework/Versions/A/Resources/libTIFF.dylib
0x0000000007173000 	/System/Library/Frameworks/ImageIO.framework/Versions/A/Resources/libPng.dylib
0x0000000007173000 	/System/Library/Frameworks/ImageIO.framework/Versions/A/Resources/libGIF.dylib
0x0000000007173000 	/System/Library/Frameworks/ImageIO.framework/Versions/A/Resources/libJP2.dylib
0x0000000007173000 	/System/Library/Frameworks/ImageIO.framework/Versions/A/Resources/libRadiance.dylib
0x0000000007173000 	/System/Library/Frameworks/CoreVideo.framework/Versions/A/CoreVideo
0x0000000007173000 	/System/Library/Frameworks/OpenGL.framework/Versions/A/Libraries/libGLU.dylib
0x0000000007173000 	/System/Library/Frameworks/OpenGL.framework/Versions/A/Libraries/libGFXShared.dylib
0x0000000007173000 	/System/Library/Frameworks/OpenGL.framework/Versions/A/Libraries/libGL.dylib
0x0000000007173000 	/System/Library/Frameworks/OpenGL.framework/Versions/A/Libraries/libGLImage.dylib
0x0000000007173000 	/System/Library/Frameworks/OpenGL.framework/Versions/A/Libraries/libCVMSPluginSupport.dylib
0x0000000007173000 	/System/Library/Frameworks/OpenGL.framework/Versions/A/Libraries/libCoreVMClient.dylib
0x0000000007173000 	/usr/lib/libcups.2.dylib
0x0000000007173000 	/System/Library/Frameworks/Kerberos.framework/Versions/A/Kerberos
0x0000000007173000 	/System/Library/Frameworks/GSS.framework/Versions/A/GSS
0x0000000007173000 	/usr/lib/libresolv.9.dylib
0x0000000007173000 	/usr/lib/libiconv.2.dylib
0x0000000007173000 	/System/Library/PrivateFrameworks/Heimdal.framework/Versions/A/Heimdal
0x0000000007173000 	/usr/lib/libheimdal-asn1.dylib
0x0000000007173000 	/System/Library/Frameworks/OpenDirectory.framework/Versions/A/OpenDirectory
0x0000000007173000 	/System/Library/PrivateFrameworks/CommonAuth.framework/Versions/A/CommonAuth
0x0000000007173000 	/System/Library/Frameworks/OpenDirectory.framework/Versions/A/Frameworks/CFOpenDirectory.framework/Versions/A/CFOpenDirectory
0x0000000007173000 	/System/Library/Frameworks/SecurityFoundation.framework/Versions/A/SecurityFoundation
0x0000000007173000 	/System/Library/PrivateFrameworks/LanguageModeling.framework/Versions/A/LanguageModeling
0x0000000007173000 	/usr/lib/libcmph.dylib
0x0000000007173000 	/System/Library/Frameworks/ServiceManagement.framework/Versions/A/ServiceManagement
0x0000000007173000 	/usr/lib/libxslt.1.dylib
0x0000000007173000 	/System/Library/Frameworks/Carbon.framework/Versions/A/Frameworks/Ink.framework/Versions/A/Ink
0x0000000007173000 	/System/Library/Frameworks/QuartzCore.framework/Versions/A/Frameworks/CoreImage.framework/Versions/A/CoreImage
0x0000000007173000 	/System/Library/PrivateFrameworks/CrashReporterSupport.framework/Versions/A/CrashReporterSupport
0x0000000007173000 	/System/Library/Frameworks/OpenCL.framework/Versions/A/OpenCL
0x0000000007173000 	/System/Library/PrivateFrameworks/FaceCore.framework/Versions/A/FaceCore
0x0000000007173000 	/System/Library/PrivateFrameworks/Ubiquity.framework/Versions/A/Ubiquity
0x0000000007173000 	/System/Library/PrivateFrameworks/IconServices.framework/Versions/A/IconServices
0x0000000007173000 	/System/Library/PrivateFrameworks/ChunkingLibrary.framework/Versions/A/ChunkingLibrary
0x0000000007173000 	/System/Library/PrivateFrameworks/Apple80211.framework/Versions/A/Apple80211
0x0000000007173000 	/System/Library/Frameworks/CoreWLAN.framework/Versions/A/CoreWLAN
0x0000000007173000 	/System/Library/Frameworks/IOBluetooth.framework/Versions/A/IOBluetooth
0x0000000007173000 	/System/Library/PrivateFrameworks/CoreWiFi.framework/Versions/A/CoreWiFi
0x0000000007173000 	/System/Library/Frameworks/CoreBluetooth.framework/Versions/A/CoreBluetooth
0x0000000007173000 	/System/Library/PrivateFrameworks/DebugSymbols.framework/Versions/A/DebugSymbols
0x0000000007173000 	/System/Library/PrivateFrameworks/CoreSymbolication.framework/Versions/A/CoreSymbolication
0x0000000007173000 	/System/Library/PrivateFrameworks/Symbolication.framework/Versions/A/Symbolication
0x0000000007173000 	/System/Library/PrivateFrameworks/SpeechRecognitionCore.framework/Versions/A/SpeechRecognitionCore
0x0000000101a00000 	/Library/Java/JavaVirtualMachines/jdk1.8.0_60.jdk/Contents/Home/jre/lib/server/libjvm.dylib
0x0000000007173000 	/usr/lib/libstdc++.6.dylib
0x0000000100979000 	/Library/Java/JavaVirtualMachines/jdk1.8.0_60.jdk/Contents/Home/jre/lib/libverify.dylib
0x0000000100987000 	/Library/Java/JavaVirtualMachines/jdk1.8.0_60.jdk/Contents/Home/jre/lib/libjava.dylib
0x00000001009c6000 	/Library/Java/JavaVirtualMachines/jdk1.8.0_60.jdk/Contents/Home/jre/lib/libzip.dylib
0x000000011e63a000 	/System/Library/Frameworks/JavaVM.framework/Frameworks/JavaRuntimeSupport.framework/JavaRuntimeSupport
0x000000011e652000 	/System/Library/Frameworks/JavaVM.framework/Versions/A/Frameworks/JavaNativeFoundation.framework/Versions/A/JavaNativeFoundation
0x000000011e667000 	/System/Library/Frameworks/JavaVM.framework/Versions/A/JavaVM
0x0000000007173000 	/System/Library/Frameworks/Carbon.framework/Versions/A/Carbon
0x000000011e674000 	/System/Library/PrivateFrameworks/JavaLaunching.framework/Versions/A/JavaLaunching
0x0000000007173000 	/System/Library/Frameworks/Carbon.framework/Versions/A/Frameworks/CommonPanels.framework/Versions/A/CommonPanels
0x0000000007173000 	/System/Library/Frameworks/Carbon.framework/Versions/A/Frameworks/Help.framework/Versions/A/Help
0x0000000007173000 	/System/Library/Frameworks/Carbon.framework/Versions/A/Frameworks/ImageCapture.framework/Versions/A/ImageCapture
0x0000000007173000 	/System/Library/Frameworks/Carbon.framework/Versions/A/Frameworks/OpenScripting.framework/Versions/A/OpenScripting
0x0000000007173000 	/System/Library/Frameworks/Carbon.framework/Versions/A/Frameworks/Print.framework/Versions/A/Print
0x0000000007173000 	/System/Library/Frameworks/Carbon.framework/Versions/A/Frameworks/SecurityHI.framework/Versions/A/SecurityHI
0x00000001206a6000 	/Library/Java/JavaVirtualMachines/jdk1.8.0_60.jdk/Contents/Home/jre/lib/libawt.dylib
0x000000012074e000 	/Library/Java/JavaVirtualMachines/jdk1.8.0_60.jdk/Contents/Home/jre/lib/./libmlib_image.dylib
0x000000012081a000 	/Library/Java/JavaVirtualMachines/jdk1.8.0_60.jdk/Contents/Home/jre/lib/libawt_lwawt.dylib
0x00000001208cf000 	/Library/Java/JavaVirtualMachines/jdk1.8.0_60.jdk/Contents/Home/jre/lib/./libosxapp.dylib
0x0000000007173000 	/System/Library/Frameworks/ExceptionHandling.framework/Versions/A/ExceptionHandling
0x0000000007173000 	/System/Library/PrivateFrameworks/CoreServicesInternal.framework/Versions/A/CoreServicesInternal
0x0000000007173000 	/System/Library/PrivateFrameworks/CloudDocs.framework/Versions/A/CloudDocs
0x0000000007173000 	/System/Library/PrivateFrameworks/CoreDuet.framework/Versions/A/CoreDuet
0x0000000007173000 	/System/Library/Frameworks/CloudKit.framework/Versions/A/CloudKit
0x0000000007173000 	/System/Library/PrivateFrameworks/ProtocolBuffer.framework/Versions/A/ProtocolBuffer
0x0000000007173000 	/System/Library/PrivateFrameworks/CoreDuetDaemonProtocol.framework/Versions/A/CoreDuetDaemonProtocol
0x0000000007173000 	/System/Library/PrivateFrameworks/CoreDuetDebugLogging.framework/Versions/A/CoreDuetDebugLogging
0x0000000007173000 	/System/Library/PrivateFrameworks/MMCS.framework/Versions/A/MMCS
0x0000000007173000 	/System/Library/Frameworks/CoreLocation.framework/Versions/A/CoreLocation
0x0000000007173000 	/System/Library/PrivateFrameworks/ProtectedCloudStorage.framework/Versions/A/ProtectedCloudStorage
0x0000000007173000 	/System/Library/PrivateFrameworks/GeoServices.framework/Versions/A/GeoServices
0x0000000007173000 	/System/Library/Frameworks/CoreGraphics.framework/Versions/A/Resources/libCGCMS.A.dylib
0x0000000007173000 	/System/Library/Frameworks/CoreGraphics.framework/Versions/A/Resources/libRIP.A.dylib
0x0000000007173000 	/System/Library/Frameworks/CoreGraphics.framework/Versions/A/Resources/libCGXType.A.dylib
0x0000000007173000 	/System/Library/Frameworks/OpenCL.framework/Versions/A/Libraries/libcldcpuengine.dylib
0x0000000007173000 	/System/Library/PrivateFrameworks/DiskImages.framework/Versions/A/DiskImages
0x0000000007173000 	/System/Library/Frameworks/DiscRecording.framework/Versions/A/DiscRecording
0x0000000007173000 	/usr/lib/libcsfde.dylib
0x0000000007173000 	/usr/lib/libcurl.4.dylib
0x0000000007173000 	/System/Library/PrivateFrameworks/MediaKit.framework/Versions/A/MediaKit
0x0000000007173000 	/usr/lib/libCoreStorage.dylib
0x0000000007173000 	/System/Library/PrivateFrameworks/EFILogin.framework/Versions/A/EFILogin
0x0000000007173000 	/usr/lib/libutil.dylib
0x0000000007173000 	/System/Library/PrivateFrameworks/FindMyDevice.framework/Versions/A/FindMyDevice
0x0000000007173000 	/System/Library/Frameworks/LDAP.framework/Versions/A/LDAP
0x0000000007173000 	/usr/lib/libsasl2.2.dylib
0x0000000007173000 	/System/Library/PrivateFrameworks/CoreDaemon.framework/Versions/B/CoreDaemon
0x0000000007173000 	/usr/lib/libcrypto.0.9.8.dylib
0x0000000007173000 	/System/Library/PrivateFrameworks/AppleSRP.framework/Versions/A/AppleSRP
0x0000000007173000 	/System/Library/PrivateFrameworks/TrustEvaluationAgent.framework/Versions/A/TrustEvaluationAgent
0x0000000123a6b000 	cl_kernels
0x0000000123a6d000 	/System/Library/Frameworks/OpenCL.framework/Versions/A/Libraries/ImageFormats/unorm8_bgra.dylib
0x0000000123a5d000 	cl_kernels
0x0000000007173000 	/System/Library/PrivateFrameworks/FamilyControls.framework/Versions/A/FamilyControls
0x0000000007173000 	/System/Library/PrivateFrameworks/CommerceKit.framework/Versions/A/Frameworks/CommerceCore.framework/Versions/A/CommerceCore
0x0000000007173000 	/System/Library/PrivateFrameworks/SystemAdministration.framework/Versions/A/SystemAdministration
0x0000000007173000 	/System/Library/PrivateFrameworks/AppContainer.framework/Versions/A/AppContainer
0x0000000007173000 	/System/Library/PrivateFrameworks/SecCodeWrapper.framework/Versions/A/SecCodeWrapper
0x0000000007173000 	/System/Library/Frameworks/DirectoryService.framework/Versions/A/DirectoryService
0x0000000007173000 	/System/Library/PrivateFrameworks/LoginUIKit.framework/Versions/A/Frameworks/LoginUICore.framework/Versions/A/LoginUICore
0x0000000007173000 	/usr/lib/libodfde.dylib
0x0000000007173000 	/System/Library/Frameworks/OpenGL.framework/Versions/A/Resources/GLEngine.bundle/GLEngine
0x0000000007173000 	/System/Library/Frameworks/OpenGL.framework/Versions/A/Libraries/libGLProgrammability.dylib
0x0000000000000000 	/System/Library/Extensions/AppleIntelHD5000GraphicsGLDriver.bundle/Contents/MacOS/AppleIntelHD5000GraphicsGLDriver
0x0000000007173000 	/System/Library/PrivateFrameworks/IOAccelerator.framework/Versions/A/IOAccelerator
0x0000000007173000 	/System/Library/PrivateFrameworks/GPUSupport.framework/Versions/A/Libraries/libGPUSupportMercury.dylib
0x0000000007173000 	/System/Library/Frameworks/OpenGL.framework/Versions/A/Resources/GLRendererFloat.bundle/GLRendererFloat
0x000000012595a000 	/Library/Java/JavaVirtualMachines/jdk1.8.0_60.jdk/Contents/Home/jre/lib/libfontmanager.dylib
0x0000000126c94000 	/Library/Java/JavaVirtualMachines/jdk1.8.0_60.jdk/Contents/Home/jre/lib/libosxui.dylib
0x0000000126d62000 	/Library/Java/JavaVirtualMachines/jdk1.8.0_60.jdk/Contents/Home/jre/lib/libnet.dylib
0x0000000126f65000 	/Library/Java/JavaVirtualMachines/jdk1.8.0_60.jdk/Contents/Home/jre/lib/libnio.dylib
0x0000000007173000 	/System/Library/Frameworks/ApplicationServices.framework/Versions/A/Frameworks/ATS.framework/Versions/A/Resources/libTrueTypeScaler.dylib
0x0000000186010000 	/private/var/folders/mh/2lknkfks3wz2hq1cjmpl9h680000gn/T/jogamp_0000/file_cache/jln657606841207941610/jln6508749232232482343/libgluegen-rt.jnilib
0x0000000186014000 	/private/var/folders/mh/2lknkfks3wz2hq1cjmpl9h680000gn/T/jogamp_0000/file_cache/jln657606841207941610/jln6508749232232482343/libnativewindow_awt.jnilib
0x0000000186017000 	/Library/Java/JavaVirtualMachines/jdk1.8.0_60.jdk/Contents/Home/jre/lib/libjawt.dylib
0x000000018601a000 	/private/var/folders/mh/2lknkfks3wz2hq1cjmpl9h680000gn/T/jogamp_0000/file_cache/jln657606841207941610/jln6508749232232482343/libnativewindow_macosx.jnilib
0x000000018abf6000 	/private/var/folders/mh/2lknkfks3wz2hq1cjmpl9h680000gn/T/jogamp_0000/file_cache/jln657606841207941610/jln6508749232232482343/libjogl_desktop.jnilib
0x00000001867dd000 	/Library/Java/JavaVirtualMachines/jdk1.8.0_60.jdk/Contents/Home/jre/lib/libt2k.dylib

VM Arguments:
jvm_args: -Djava.security.policy=java.policy.applet -Dfile.encoding=UTF-8 
java_command: sun.applet.AppletViewer module4.EarthquakeCityMap1443988342299.html
java_class_path (initial): /Users/apaswami/Documents/myoop/UCSDUnfoldingMaps/build:/Users/apaswami/Documents/myoop/UCSDUnfoldingMaps/lib/core.jar:/Users/apaswami/Documents/myoop/UCSDUnfoldingMaps/lib/gluegen-rt.jar:/Users/apaswami/Documents/myoop/UCSDUnfoldingMaps/lib/jogl-all.jar:/Users/apaswami/Documents/myoop/UCSDUnfoldingMaps/lib/log4j-1.2.15.jar:/Users/apaswami/Documents/myoop/UCSDUnfoldingMaps/lib/sqlite-jdbc-3.7.2.jar:/Users/apaswami/Documents/myoop/UCSDUnfoldingMaps/lib/json4processing.jar:/Users/apaswami/Documents/myoop/UCSDUnfoldingMaps/lib/libTUIO.jar:/Users/apaswami/Documents/myoop/UCSDUnfoldingMaps/lib/unfolding.0.9.7-uscd.jar
Launcher Type: SUN_STANDARD

Environment Variables:
PATH=/usr/bin:/bin:/usr/sbin:/sbin
SHELL=/bin/bash
DISPLAY=/private/tmp/com.apple.launchd.7AzEaNpeQB/org.macosforge.xquartz:0

Signal Handlers:
SIGSEGV: [libjvm.dylib+0x5a6d31], sa_mask[0]=11111111011111110111111111111111, sa_flags=SA_ONSTACK|SA_RESTART|SA_SIGINFO
SIGBUS: [libjvm.dylib+0x5a6d31], sa_mask[0]=11111111011111110111111111111111, sa_flags=SA_RESTART|SA_SIGINFO
SIGFPE: [libjvm.dylib+0x480a4c], sa_mask[0]=11111111011111110111111111111111, sa_flags=SA_RESTART|SA_SIGINFO
SIGPIPE: [libjvm.dylib+0x480a4c], sa_mask[0]=11111111011111110111111111111111, sa_flags=SA_RESTART|SA_SIGINFO
SIGXFSZ: [libjvm.dylib+0x480a4c], sa_mask[0]=11111111011111110111111111111111, sa_flags=SA_RESTART|SA_SIGINFO
SIGILL: [libjvm.dylib+0x480a4c], sa_mask[0]=11111111011111110111111111111111, sa_flags=SA_RESTART|SA_SIGINFO
SIGUSR1: SIG_DFL, sa_mask[0]=00000000000000000000000000000000, sa_flags=none
SIGUSR2: [libjvm.dylib+0x48056a], sa_mask[0]=00100000000000000000000000000000, sa_flags=SA_RESTART|SA_SIGINFO
SIGHUP: [libjvm.dylib+0x47eb41], sa_mask[0]=11111111011111110111111111111111, sa_flags=SA_RESTART|SA_SIGINFO
SIGINT: [libjvm.dylib+0x47eb41], sa_mask[0]=11111111011111110111111111111111, sa_flags=SA_RESTART|SA_SIGINFO
SIGTERM: [libjvm.dylib+0x47eb41], sa_mask[0]=11111111011111110111111111111111, sa_flags=SA_RESTART|SA_SIGINFO
SIGQUIT: [libjvm.dylib+0x47eb41], sa_mask[0]=11111111011111110111111111111111, sa_flags=SA_RESTART|SA_SIGINFO


---------------  S Y S T E M  ---------------

OS:Bsduname:Darwin 14.3.0 Darwin Kernel Version 14.3.0: Mon Mar 23 11:59:05 PDT 2015; root:xnu-2782.20.48~5/RELEASE_X86_64 x86_64
rlimit: STACK 8192k, CORE 0k, NPROC 709, NOFILE 10240, AS infinity
load average:1.83 1.83 1.91

CPU:total 8 (4 cores per cpu, 2 threads per core) family 6 model 70 stepping 1, cmov, cx8, fxsr, mmx, sse, sse2, sse3, ssse3, sse4.1, sse4.2, popcnt, avx, avx2, aes, clmul, erms, lzcnt, ht, tsc, tscinvbit, bmi1, bmi2

Memory: 4k page, physical 16777216k(170948k free)

/proc/meminfo:


vm_info: Java HotSpot(TM) 64-Bit Server VM (25.60-b23) for bsd-amd64 JRE (1.8.0_60-b27), built on Aug  4 2015 10:47:24 by "java_re" with gcc 4.2.1 (Based on Apple Inc. build 5658) (LLVM build 2336.11.00)

time: Sun Oct  4 14:52:37 2015
elapsed time: 15 seconds (0d 0h 0m 15s)

