#
# A fatal error has been detected by the Java Runtime Environment:
#
#  SIGSEGV (0xb) at pc=0x00007fff897780e9, pid=97249, tid=1811
#
# JRE version: Java(TM) SE Runtime Environment (8.0_60-b27) (build 1.8.0_60-b27)
# Java VM: Java HotSpot(TM) 64-Bit Server VM (25.60-b23 mixed mode bsd-amd64 compressed oops)
# Problematic frame:
# C  [libobjc.A.dylib+0x10e9]  objc_msgSend+0x29
#
# Failed to write core dump. Core dumps have been disabled. To enable core dumping, try "ulimit -c unlimited" before starting Java again
#
# If you would like to submit a bug report, please visit:
#   http://bugreport.java.com/bugreport/crash.jsp
# The crash happened outside the Java Virtual Machine in native code.
# See problematic frame for where to report the bug.
#

---------------  T H R E A D  ---------------

Current thread (0x00007fae1a8a3800):  JavaThread "AWT-AppKit" daemon [_thread_in_native, id=1811, stack(0x00007fff4feb8000,0x00007fff506b8000)]

siginfo: si_signo: 11 (SIGSEGV), si_code: 1 (SEGV_MAPERR), si_addr: 0x00000002410a00e8

Registers:
RAX=0x00007fae20d36fd0, RBX=0x0000000194e0c450, RCX=0x00000001357d6ba0, RDX=0x00000001357d68a0
RSP=0x00007fff506b3588, RBP=0x00007fff506b3640, RSI=0x00007fff9493a41f, RDI=0x00007fae207ed900
R8 =0x0000000000000000, R9 =0x0000000000000f50, R10=0x00000002410a00e8, R11=0x000000012f570000
R12=0x0000000000000000, R13=0x00000001999ba7c0, R14=0x0000000194e0c440, R15=0x00007fae1a8a3800
RIP=0x00007fff897780e9, EFLAGS=0x0000000000010206, ERR=0x0000000000000004
  TRAPNO=0x000000000000000e

Top of Stack: (sp=0x00007fff506b3588)
0x00007fff506b3588:   0000000194e0a157 00007fff506b35e0
0x00007fff506b3598:   0000000000000003 00007fff506b35c0
0x00007fff506b35a8:   00000001109f1992 00000001999ba7c0
0x00007fff506b35b8:   00000001999ba7c0 00007fae20d36fd0
0x00007fff506b35c8:   0000000194e0c6a0 0000000194e0c710
0x00007fff506b35d8:   00007fff773cf550 00007fff7723ac80
0x00007fff506b35e8:   0000000194e0c450 0000000194e0c690
0x00007fff506b35f8:   00007fae20d36fd0 00007fae207ed900
0x00007fff506b3608:   00007fae20a10e10 00007fae20d36fd0
0x00007fff506b3618:   00007fae207ed900 00007fff506b36c8
0x00007fff506b3628:   00007fae1a8a39f8 00000001999ba7c0
0x00007fff506b3638:   00007fff506b36f0 00007fff506b36b8
0x00007fff506b3648:   000000011179e954 00000001999ba7c0
0x00007fff506b3658:   00007fff506b36f0 00007fff506b36b8
0x00007fff506b3668:   000000011179e6e7 000000011179e6a2
0x00007fff506b3678:   00007fff506b3678 00000001999ba7c0
0x00007fff506b3688:   00007fff506b36f0 00000001999bd3f8
0x00007fff506b3698:   0000000000000000 00000001999ba7c0
0x00007fff506b36a8:   0000000000000000 00007fff506b36d8
0x00007fff506b36b8:   00007fff506b3738 0000000111790c4d
0x00007fff506b36c8:   00000006c0848060 0000000111798578
0x00007fff506b36d8:   00007fae20d36fd0 00007fff506b3738
0x00007fff506b36e8:   00007fae207ed900 0000000111799d82
0x00007fff506b36f8:   00007fff506b36f8 00000001999ba98a
0x00007fff506b3708:   00007fff506b3760 00000001999bd3f8
0x00007fff506b3718:   0000000000000000 00000001999ba998
0x00007fff506b3728:   00007fff506b36d8 00007fff506b3748
0x00007fff506b3738:   00007fff506b37a8 0000000111790c4d
0x00007fff506b3748:   00007fae20d36fd0 00000006c071daa0
0x00007fff506b3758:   00007fae207ed900 00000006c071daa0
0x00007fff506b3768:   00007fff506b3768 000000019cf5fc8e
0x00007fff506b3778:   00007fff506b37b8 000000019cf5fd48 

Instructions: (pc=0x00007fff897780e9)
0x00007fff897780c9:   01 2e 75 7e 49 bb f8 ff ff ff ff 7f 00 00 4c 23
0x00007fff897780d9:   1f 49 89 f2 45 23 53 18 49 c1 e2 04 4d 03 53 10
0x00007fff897780e9:   49 3b 32 75 04 41 ff 62 08 49 83 3a 00 74 6a 4d
0x00007fff897780f9:   3b 53 10 74 0d 49 83 ea 10 49 3b 32 75 eb 41 ff 

Register to memory mapping:

RAX=0x00007fae20d36fd0 is an unknown value
RBX=0x0000000194e0c450: Java_jogamp_nativewindow_macosx_OSXUtil_GetScreenRefreshRate0+0x1cf0 in /private/var/folders/mh/2lknkfks3wz2hq1cjmpl9h680000gn/T/jogamp_0000/file_cache/jln6317409698925271370/jln8730346486792453141/libnativewindow_macosx.jnilib at 0x0000000194e05000
RCX=0x00000001357d6ba0 is an unknown value
RDX=0x00000001357d68a0 is an unknown value
RSP=0x00007fff506b3588 is pointing into the stack for thread: 0x00007fae1a8a3800
RBP=0x00007fff506b3640 is pointing into the stack for thread: 0x00007fae1a8a3800
RSI=0x00007fff9493a41f is an unknown value
RDI=0x00007fae207ed900 is an unknown value
R8 =0x0000000000000000 is an unknown value
R9 =0x0000000000000f50 is an unknown value
R10=0x00000002410a00e8 is an unknown value
R11=0x000000012f570000: range.100111+0x16a80 in /Library/Java/JavaVirtualMachines/jdk1.8.0_60.jdk/Contents/Home/jre/lib/libawt_lwawt.dylib at 0x000000012f4fe000
R12=0x0000000000000000 is an unknown value
R13={method} {0x00000001999ba7c0} 'UnsetJAWTRootSurfaceLayer0' '(JJ)V' in 'jogamp/nativewindow/jawt/macosx/MacOSXJAWTWindow'
R14=0x0000000194e0c440: Java_jogamp_nativewindow_macosx_OSXUtil_GetScreenRefreshRate0+0x1ce0 in /private/var/folders/mh/2lknkfks3wz2hq1cjmpl9h680000gn/T/jogamp_0000/file_cache/jln6317409698925271370/jln8730346486792453141/libnativewindow_macosx.jnilib at 0x0000000194e05000
R15=0x00007fae1a8a3800 is a thread


Stack: [0x00007fff4feb8000,0x00007fff506b8000],  sp=0x00007fff506b3588,  free space=8173k
Native frames: (J=compiled Java code, j=interpreted, Vv=VM code, C=native code)
C  [libobjc.A.dylib+0x10e9]  objc_msgSend+0x29
j  jogamp.nativewindow.jawt.macosx.MacOSXJAWTWindow.UnsetJAWTRootSurfaceLayer0(JJ)V+0
j  jogamp.nativewindow.jawt.macosx.MacOSXJAWTWindow.access$200(JJ)V+2
j  jogamp.nativewindow.jawt.macosx.MacOSXJAWTWindow$1.run()V+38
j  com.jogamp.common.util.RunnableTask.run()V+24
v  ~StubRoutines::call_stub
V  [libjvm.dylib+0x2eab0e]  JavaCalls::call_helper(JavaValue*, methodHandle*, JavaCallArguments*, Thread*)+0x6ae
V  [libjvm.dylib+0x321bb7]  jni_invoke_nonstatic(JNIEnv_*, JavaValue*, _jobject*, JNICallType, _jmethodID*, JNI_ArgumentPusher*, Thread*)+0x2ec
V  [libjvm.dylib+0x31438b]  jni_CallVoidMethod+0x16b
C  [libnativewindow_macosx.jnilib+0x5326]  Java_jogamp_nativewindow_jawt_macosx_MacOSXJAWTWindow_UnsetJAWTRootSurfaceLayer0+0x2b6
C  [Foundation+0x92d00]  __NSThreadPerformPerform+0x125
C  [CoreFoundation+0x80a01]  __CFRUNLOOP_IS_CALLING_OUT_TO_A_SOURCE0_PERFORM_FUNCTION__+0x11
C  [CoreFoundation+0x72c5c]  __CFRunLoopDoSources0+0x1dc
C  [CoreFoundation+0x721bf]  __CFRunLoopRun+0x39f
C  [CoreFoundation+0x71bd8]  CFRunLoopRunSpecific+0x128
C  [HIToolbox+0x3256f]  RunCurrentEventLoopInMode+0xeb
C  [HIToolbox+0x321ee]  ReceiveNextEventCommon+0xb3
C  [HIToolbox+0x3212b]  _BlockUntilNextEventMatchingListInModeWithFilter+0x47
C  [AppKit+0x919bb]  _DPSNextEvent+0x3d2
C  [AppKit+0x90f68]  -[NSApplication nextEventMatchingMask:untilDate:inMode:dequeue:]+0x15a
C  [libosxapp.dylib+0x23aa]  -[NSApplicationAWT nextEventMatchingMask:untilDate:inMode:dequeue:]+0x7c
C  [AppKit+0x86bf3]  -[NSApplication run]+0x252
C  [libosxapp.dylib+0x214d]  +[NSApplicationAWT runAWTLoopWithApp:]+0x9c
C  [libawt_lwawt.dylib+0x44517]  -[AWTStarter starter:]+0x389
C  [Foundation+0x92d00]  __NSThreadPerformPerform+0x125
C  [CoreFoundation+0x80a01]  __CFRUNLOOP_IS_CALLING_OUT_TO_A_SOURCE0_PERFORM_FUNCTION__+0x11
C  [CoreFoundation+0x72b8d]  __CFRunLoopDoSources0+0x10d
C  [CoreFoundation+0x721bf]  __CFRunLoopRun+0x39f
C  [CoreFoundation+0x71bd8]  CFRunLoopRunSpecific+0x128
C  [java+0x6463]  CreateExecutionEnvironment+0x367
C  [java+0x21ac]  JLI_Launch+0x7a0
C  [java+0x84c0]  main+0x65
C  [java+0x1a04]  start+0x34
C  0x0000000000000007

Java frames: (J=compiled Java code, j=interpreted, Vv=VM code)
j  jogamp.nativewindow.jawt.macosx.MacOSXJAWTWindow.UnsetJAWTRootSurfaceLayer0(JJ)V+0
j  jogamp.nativewindow.jawt.macosx.MacOSXJAWTWindow.access$200(JJ)V+2
j  jogamp.nativewindow.jawt.macosx.MacOSXJAWTWindow$1.run()V+38
j  com.jogamp.common.util.RunnableTask.run()V+24
v  ~StubRoutines::call_stub

---------------  P R O C E S S  ---------------

Java Threads: ( => current thread )
  0x00007fae241f4800 JavaThread "Thread-19" [_thread_blocked, id=39959, stack(0x000000019c117000,0x000000019c217000)]
  0x00007fae1cb09000 JavaThread "AWT-EventQueue-1" [_thread_in_native, id=62227, stack(0x000000019547d000,0x000000019557d000)]
  0x00007fae19921000 JavaThread "DestroyJavaVM" [_thread_blocked, id=4867, stack(0x000000010f65f000,0x000000010f75f000)]
  0x00007fae1ca17800 JavaThread "AWT-EventQueue-0" [_thread_blocked, id=58627, stack(0x0000000135867000,0x0000000135967000)]
  0x00007fae1a95b000 JavaThread "Java2D Disposer" daemon [_thread_blocked, id=55079, stack(0x000000013453d000,0x000000013463d000)]
  0x00007fae198e2800 JavaThread "Java2D Queue Flusher" daemon [_thread_blocked, id=54023, stack(0x0000000133b9e000,0x0000000133c9e000)]
  0x00007fae1a94a800 JavaThread "AWT-Shutdown" [_thread_blocked, id=31251, stack(0x0000000130c84000,0x0000000130d84000)]
=>0x00007fae1a8a3800 JavaThread "AWT-AppKit" daemon [_thread_in_native, id=1811, stack(0x00007fff4feb8000,0x00007fff506b8000)]
  0x00007fae1c808000 JavaThread "Service Thread" daemon [_thread_blocked, id=20739, stack(0x000000012f149000,0x000000012f249000)]
  0x00007fae1c803800 JavaThread "C1 CompilerThread3" daemon [_thread_blocked, id=20227, stack(0x000000012f046000,0x000000012f146000)]
  0x00007fae1d030000 JavaThread "C2 CompilerThread2" daemon [_thread_blocked, id=19715, stack(0x000000012ef43000,0x000000012f043000)]
  0x00007fae1d02f800 JavaThread "C2 CompilerThread1" daemon [_thread_blocked, id=19203, stack(0x000000012ee40000,0x000000012ef40000)]
  0x00007fae1a835000 JavaThread "C2 CompilerThread0" daemon [_thread_blocked, id=18691, stack(0x000000012ed3d000,0x000000012ee3d000)]
  0x00007fae1c802800 JavaThread "Signal Dispatcher" daemon [_thread_blocked, id=14359, stack(0x000000012ec3a000,0x000000012ed3a000)]
  0x00007fae1d020800 JavaThread "Finalizer" daemon [_thread_blocked, id=13571, stack(0x000000012d215000,0x000000012d315000)]
  0x00007fae1b002000 JavaThread "Reference Handler" daemon [_thread_blocked, id=13059, stack(0x000000012d112000,0x000000012d212000)]

Other Threads:
  0x00007fae1980d000 VMThread [stack: 0x000000012d00f000,0x000000012d10f000] [id=12547]
  0x00007fae1d026000 WatcherThread [stack: 0x000000012f24c000,0x000000012f34c000] [id=21251]

VM state:not at safepoint (normal execution)

VM Mutex/Monitor currently owned by a thread: None

Heap:
 PSYoungGen      total 33792K, used 19554K [0x000000076ab00000, 0x000000076ce80000, 0x00000007c0000000)
  eden space 32256K, 60% used [0x000000076ab00000,0x000000076bde8bd8,0x000000076ca80000)
  from space 1536K, 12% used [0x000000076cd00000,0x000000076cd30000,0x000000076ce80000)
  to   space 2048K, 0% used [0x000000076ca80000,0x000000076ca80000,0x000000076cc80000)
 ParOldGen       total 86528K, used 15455K [0x00000006c0000000, 0x00000006c5480000, 0x000000076ab00000)
  object space 86528K, 17% used [0x00000006c0000000,0x00000006c0f17e08,0x00000006c5480000)
 Metaspace       used 21085K, capacity 21271K, committed 21552K, reserved 1069056K
  class space    used 2045K, capacity 2112K, committed 2176K, reserved 1048576K

Card table byte_map: [0x0000000120b49000,0x000000012134a000] byte_map_base: 0x000000011d549000

Marking Bits: (ParMarkBitMap*) 0x00000001110dee20
 Begin Bits: [0x00000001220b8000, 0x00000001260b8000)
 End Bits:   [0x00000001260b8000, 0x000000012a0b8000)

Polling page: 0x000000010f7a4000

CodeCache: size=245760Kb used=8891Kb max_used=10657Kb free=236868Kb
 bounds [0x0000000111789000, 0x0000000112229000, 0x0000000120789000]
 total_blobs=3315 nmethods=2425 adapters=803
 compilation: enabled

Compilation events (10 events):
Event: 602.295 Thread 0x00007fae1c803800 2920       3       java.util.HashMap::put (13 bytes)
Event: 602.295 Thread 0x00007fae1c803800 nmethod 2920 0x0000000111aa9950 code [0x0000000111aa9ae0, 0x0000000111aa9e98]
Event: 602.296 Thread 0x00007fae1c803800 2921       1       sun.java2d.SurfaceData::isValid (5 bytes)
Event: 602.296 Thread 0x00007fae1c803800 nmethod 2921 0x0000000111bf4150 code [0x0000000111bf42a0, 0x0000000111bf43b0]
Event: 602.296 Thread 0x00007fae1d02f800 2922  s    4       sun.misc.URLClassPath::getNextLoader (88 bytes)
Event: 602.305 Thread 0x00007fae1d02f800 nmethod 2922 0x0000000111a3fdd0 code [0x0000000111a3ff40, 0x0000000111a406b8]
Event: 602.309 Thread 0x00007fae1c803800 2923       3       sun.awt.SunToolkit::getAppContext (42 bytes)
Event: 602.309 Thread 0x00007fae1c803800 nmethod 2923 0x000000011189b9d0 code [0x000000011189bbc0, 0x000000011189c598]
Event: 602.309 Thread 0x00007fae1c803800 2924       3       sun.java2d.pipe.RenderBuffer::putFloat (26 bytes)
Event: 602.309 Thread 0x00007fae1c803800 nmethod 2924 0x0000000111a34f10 code [0x0000000111a35080, 0x0000000111a35210]

GC Heap History (10 events):
Event: 562.123 GC heap before
{Heap before GC invocations=47 (full 1):
 PSYoungGen      total 35328K, used 34976K [0x000000076ab00000, 0x000000076d200000, 0x00000007c0000000)
  eden space 34816K, 100% used [0x000000076ab00000,0x000000076cd00000,0x000000076cd00000)
  from space 512K, 31% used [0x000000076cd80000,0x000000076cda8000,0x000000076ce00000)
  to   space 2560K, 0% used [0x000000076cf80000,0x000000076cf80000,0x000000076d200000)
 ParOldGen       total 86528K, used 15447K [0x00000006c0000000, 0x00000006c5480000, 0x000000076ab00000)
  object space 86528K, 17% used [0x00000006c0000000,0x00000006c0f15e08,0x00000006c5480000)
 Metaspace       used 20993K, capacity 21175K, committed 21552K, reserved 1069056K
  class space    used 2029K, capacity 2080K, committed 2176K, reserved 1048576K
Event: 562.124 GC heap after
Heap after GC invocations=47 (full 1):
 PSYoungGen      total 36352K, used 160K [0x000000076ab00000, 0x000000076d180000, 0x00000007c0000000)
  eden space 34304K, 0% used [0x000000076ab00000,0x000000076ab00000,0x000000076cc80000)
  from space 2048K, 7% used [0x000000076cf80000,0x000000076cfa8000,0x000000076d180000)
  to   space 2560K, 0% used [0x000000076cc80000,0x000000076cc80000,0x000000076cf00000)
 ParOldGen       total 86528K, used 15447K [0x00000006c0000000, 0x00000006c5480000, 0x000000076ab00000)
  object space 86528K, 17% used [0x00000006c0000000,0x00000006c0f15e08,0x00000006c5480000)
 Metaspace       used 20993K, capacity 21175K, committed 21552K, reserved 1069056K
  class space    used 2029K, capacity 2080K, committed 2176K, reserved 1048576K
}
Event: 571.174 GC heap before
{Heap before GC invocations=48 (full 1):
 PSYoungGen      total 36352K, used 34464K [0x000000076ab00000, 0x000000076d180000, 0x00000007c0000000)
  eden space 34304K, 100% used [0x000000076ab00000,0x000000076cc80000,0x000000076cc80000)
  from space 2048K, 7% used [0x000000076cf80000,0x000000076cfa8000,0x000000076d180000)
  to   space 2560K, 0% used [0x000000076cc80000,0x000000076cc80000,0x000000076cf00000)
 ParOldGen       total 86528K, used 15447K [0x00000006c0000000, 0x00000006c5480000, 0x000000076ab00000)
  object space 86528K, 17% used [0x00000006c0000000,0x00000006c0f15e08,0x00000006c5480000)
 Metaspace       used 20993K, capacity 21175K, committed 21552K, reserved 1069056K
  class space    used 2029K, capacity 2080K, committed 2176K, reserved 1048576K
Event: 571.175 GC heap after
Heap after GC invocations=48 (full 1):
 PSYoungGen      total 34304K, used 160K [0x000000076ab00000, 0x000000076d100000, 0x00000007c0000000)
  eden space 33792K, 0% used [0x000000076ab00000,0x000000076ab00000,0x000000076cc00000)
  from space 512K, 31% used [0x000000076cc80000,0x000000076cca8000,0x000000076cd00000)
  to   space 2560K, 0% used [0x000000076ce80000,0x000000076ce80000,0x000000076d100000)
 ParOldGen       total 86528K, used 15447K [0x00000006c0000000, 0x00000006c5480000, 0x000000076ab00000)
  object space 86528K, 17% used [0x00000006c0000000,0x00000006c0f15e08,0x00000006c5480000)
 Metaspace       used 20993K, capacity 21175K, committed 21552K, reserved 1069056K
  class space    used 2029K, capacity 2080K, committed 2176K, reserved 1048576K
}
Event: 580.026 GC heap before
{Heap before GC invocations=49 (full 1):
 PSYoungGen      total 34304K, used 33952K [0x000000076ab00000, 0x000000076d100000, 0x00000007c0000000)
  eden space 33792K, 100% used [0x000000076ab00000,0x000000076cc00000,0x000000076cc00000)
  from space 512K, 31% used [0x000000076cc80000,0x000000076cca8000,0x000000076cd00000)
  to   space 2560K, 0% used [0x000000076ce80000,0x000000076ce80000,0x000000076d100000)
 ParOldGen       total 86528K, used 15447K [0x00000006c0000000, 0x00000006c5480000, 0x000000076ab00000)
  object space 86528K, 17% used [0x00000006c0000000,0x00000006c0f15e08,0x00000006c5480000)
 Metaspace       used 20993K, capacity 21175K, committed 21552K, reserved 1069056K
  class space    used 2029K, capacity 2080K, committed 2176K, reserved 1048576K
Event: 580.027 GC heap after
Heap after GC invocations=49 (full 1):
 PSYoungGen      total 34304K, used 192K [0x000000076ab00000, 0x000000076cf80000, 0x00000007c0000000)
  eden space 33280K, 0% used [0x000000076ab00000,0x000000076ab00000,0x000000076cb80000)
  from space 1024K, 18% used [0x000000076ce80000,0x000000076ceb0000,0x000000076cf80000)
  to   space 2048K, 0% used [0x000000076cb80000,0x000000076cb80000,0x000000076cd80000)
 ParOldGen       total 86528K, used 15455K [0x00000006c0000000, 0x00000006c5480000, 0x000000076ab00000)
  object space 86528K, 17% used [0x00000006c0000000,0x00000006c0f17e08,0x00000006c5480000)
 Metaspace       used 20993K, capacity 21175K, committed 21552K, reserved 1069056K
  class space    used 2029K, capacity 2080K, committed 2176K, reserved 1048576K
}
Event: 588.727 GC heap before
{Heap before GC invocations=50 (full 1):
 PSYoungGen      total 34304K, used 33472K [0x000000076ab00000, 0x000000076cf80000, 0x00000007c0000000)
  eden space 33280K, 100% used [0x000000076ab00000,0x000000076cb80000,0x000000076cb80000)
  from space 1024K, 18% used [0x000000076ce80000,0x000000076ceb0000,0x000000076cf80000)
  to   space 2048K, 0% used [0x000000076cb80000,0x000000076cb80000,0x000000076cd80000)
 ParOldGen       total 86528K, used 15455K [0x00000006c0000000, 0x00000006c5480000, 0x000000076ab00000)
  object space 86528K, 17% used [0x00000006c0000000,0x00000006c0f17e08,0x00000006c5480000)
 Metaspace       used 20993K, capacity 21175K, committed 21552K, reserved 1069056K
  class space    used 2029K, capacity 2080K, committed 2176K, reserved 1048576K
Event: 588.728 GC heap after
Heap after GC invocations=50 (full 1):
 PSYoungGen      total 33280K, used 224K [0x000000076ab00000, 0x000000076cf00000, 0x00000007c0000000)
  eden space 32768K, 0% used [0x000000076ab00000,0x000000076ab00000,0x000000076cb00000)
  from space 512K, 43% used [0x000000076cb80000,0x000000076cbb8000,0x000000076cc00000)
  to   space 2048K, 0% used [0x000000076cd00000,0x000000076cd00000,0x000000076cf00000)
 ParOldGen       total 86528K, used 15455K [0x00000006c0000000, 0x00000006c5480000, 0x000000076ab00000)
  object space 86528K, 17% used [0x00000006c0000000,0x00000006c0f17e08,0x00000006c5480000)
 Metaspace       used 20993K, capacity 21175K, committed 21552K, reserved 1069056K
  class space    used 2029K, capacity 2080K, committed 2176K, reserved 1048576K
}
Event: 597.348 GC heap before
{Heap before GC invocations=51 (full 1):
 PSYoungGen      total 33280K, used 32992K [0x000000076ab00000, 0x000000076cf00000, 0x00000007c0000000)
  eden space 32768K, 100% used [0x000000076ab00000,0x000000076cb00000,0x000000076cb00000)
  from space 512K, 43% used [0x000000076cb80000,0x000000076cbb8000,0x000000076cc00000)
  to   space 2048K, 0% used [0x000000076cd00000,0x000000076cd00000,0x000000076cf00000)
 ParOldGen       total 86528K, used 15455K [0x00000006c0000000, 0x00000006c5480000, 0x000000076ab00000)
  object space 86528K, 17% used [0x00000006c0000000,0x00000006c0f17e08,0x00000006c5480000)
 Metaspace       used 20993K, capacity 21175K, committed 21552K, reserved 1069056K
  class space    used 2029K, capacity 2080K, committed 2176K, reserved 1048576K
Event: 597.351 GC heap after
Heap after GC invocations=51 (full 1):
 PSYoungGen      total 33792K, used 192K [0x000000076ab00000, 0x000000076ce80000, 0x00000007c0000000)
  eden space 32256K, 0% used [0x000000076ab00000,0x000000076ab00000,0x000000076ca80000)
  from space 1536K, 12% used [0x000000076cd00000,0x000000076cd30000,0x000000076ce80000)
  to   space 2048K, 0% used [0x000000076ca80000,0x000000076ca80000,0x000000076cc80000)
 ParOldGen       total 86528K, used 15455K [0x00000006c0000000, 0x00000006c5480000, 0x000000076ab00000)
  object space 86528K, 17% used [0x00000006c0000000,0x00000006c0f17e08,0x00000006c5480000)
 Metaspace       used 20993K, capacity 21175K, committed 21552K, reserved 1069056K
  class space    used 2029K, capacity 2080K, committed 2176K, reserved 1048576K
}

Deoptimization events (10 events):
Event: 602.294 Thread 0x00007fae1c9b6800 Uncommon trap: reason=unstable_if action=reinterpret pc=0x0000000111bc46c0 method=java.util.HashMap.putVal(ILjava/lang/Object;Ljava/lang/Object;ZZ)Ljava/lang/Object; @ 81
Event: 602.295 Thread 0x00007fae1ca17800 Uncommon trap: reason=class_check action=maybe_recompile pc=0x00000001118a1500 method=java.awt.EventQueue.coalescePeerEvent(Lsun/awt/PeerEvent;)Z @ 4
Event: 602.295 Thread 0x00007fae1ca17800 Uncommon trap: reason=class_check action=maybe_recompile pc=0x0000000112174df0 method=java.awt.Component.getGraphics()Ljava/awt/Graphics; @ 114
Event: 602.301 Thread 0x00007fae1a8a3800 Uncommon trap: reason=class_check action=maybe_recompile pc=0x00000001121089c0 method=com.jogamp.common.util.RunnableTask.run()V @ 24
Event: 602.302 Thread 0x00007fae1a8a3800 Uncommon trap: reason=unstable_if action=reinterpret pc=0x000000011214e03c method=jogamp.nativewindow.macosx.OSXUtil.RunOnMainThread(ZZLjava/lang/Runnable;)V @ 3
Event: 602.306 Thread 0x00007fae1cb09000 Uncommon trap: reason=unstable_if action=reinterpret pc=0x0000000112189270 method=jogamp.opengl.GLContextImpl.release(Z)V @ 161
Event: 602.307 Thread 0x00007fae1cb09000 Uncommon trap: reason=unstable_if action=reinterpret pc=0x00000001120f4198 method=java.util.LinkedList$ListItr.<init>(Ljava/util/LinkedList;I)V @ 26
Event: 602.309 Thread 0x00007fae1ca17800 Uncommon trap: reason=class_check action=maybe_recompile pc=0x00000001118a1500 method=java.awt.EventQueue.coalescePeerEvent(Lsun/awt/PeerEvent;)Z @ 4
Event: 602.309 Thread 0x00007fae1ca17800 Uncommon trap: reason=class_check action=maybe_recompile pc=0x0000000112174df0 method=java.awt.Component.getGraphics()Ljava/awt/Graphics; @ 114
Event: 602.317 Thread 0x00007fae1a8a3800 Uncommon trap: reason=class_check action=maybe_recompile pc=0x00000001121089c0 method=com.jogamp.common.util.RunnableTask.run()V @ 24

Internal exceptions (10 events):
Event: 0.116 Thread 0x00007fae1d002000 Exception <a 'java/lang/NoSuchFieldError': method resolution failed> (0x000000076af3abd8) thrown at [/Users/java_re/workspace/8-2-build-macosx-x86_64/jdk8u60/4407/hotspot/src/share/vm/prims/methodHandles.cpp, line 1146]
Event: 0.118 Thread 0x00007fae1d002000 Exception <a 'java/lang/NoSuchFieldError': method resolution failed> (0x000000076af483a8) thrown at [/Users/java_re/workspace/8-2-build-macosx-x86_64/jdk8u60/4407/hotspot/src/share/vm/prims/methodHandles.cpp, line 1146]
Event: 0.261 Thread 0x00007fae1d002000 Exception <a 'java/io/FileNotFoundException'> (0x000000076afc42a0) thrown at [/Users/java_re/workspace/8-2-build-macosx-x86_64/jdk8u60/4407/hotspot/src/share/vm/prims/jni.cpp, line 709]
Event: 0.261 Thread 0x00007fae1d002000 Exception <a 'java/io/FileNotFoundException'> (0x000000076afc4e00) thrown at [/Users/java_re/workspace/8-2-build-macosx-x86_64/jdk8u60/4407/hotspot/src/share/vm/prims/jni.cpp, line 709]
Event: 0.339 Thread 0x00007fae1d002000 Exception <a 'java/io/FileNotFoundException'> (0x000000076b1a4908) thrown at [/Users/java_re/workspace/8-2-build-macosx-x86_64/jdk8u60/4407/hotspot/src/share/vm/prims/jni.cpp, line 709]
Event: 1.512 Thread 0x00007fae1d1b1000 Exception <a 'java/lang/UnsatisfiedLinkError': com.jogamp.common.util.JarUtil.fixNativeLibAttribs(Ljava/lang/String;)Z> (0x000000076c7b70a0) thrown at [/Users/java_re/workspace/8-2-build-macosx-x86_64/jdk8u60/4407/hotspot/src/share/vm/prims/nativeLookup.c
Event: 2.347 Thread 0x00007fae1cb09000 Exception <a 'java/io/FileNotFoundException'> (0x000000076db1f4f8) thrown at [/Users/java_re/workspace/8-2-build-macosx-x86_64/jdk8u60/4407/hotspot/src/share/vm/prims/jni.cpp, line 709]
Event: 2.348 Thread 0x00007fae1cb09000 Exception <a 'java/io/FileNotFoundException'> (0x000000076db268c0) thrown at [/Users/java_re/workspace/8-2-build-macosx-x86_64/jdk8u60/4407/hotspot/src/share/vm/prims/jni.cpp, line 709]
Event: 2.348 Thread 0x00007fae1cb09000 Implicit null exception at 0x00000001119334b5 to 0x0000000111933819
Event: 2.530 Thread 0x00007fae1d020800 Exception <a 'java/lang/NullPointerException'> (0x000000076aeaefd0) thrown at [/Users/java_re/workspace/8-2-build-macosx-x86_64/jdk8u60/4407/hotspot/src/share/vm/interpreter/linkResolver.cpp, line 1178]

Events (10 events):
Event: 602.309 Thread 0x00007fae1ca17800 DEOPT UNPACKING pc=0x000000011178e229 sp=0x00000001359663a0 mode 2
Event: 602.309 Thread 0x00007fae1c9b6800 Thread exited: 0x00007fae1c9b6800
Event: 602.309 Thread 0x00007fae1ca17800 Uncommon trap: trap_request=0xffffffde fr.pc=0x0000000112174df0
Event: 602.309 Thread 0x00007fae1ca17800 DEOPT PACKING pc=0x0000000112174df0 sp=0x0000000135964c20
Event: 602.309 Thread 0x00007fae1ca17800 DEOPT UNPACKING pc=0x000000011178e229 sp=0x0000000135964c30 mode 2
Event: 602.309 loading class java/awt/Window$1DisposeAction
Event: 602.309 loading class java/awt/Window$1DisposeAction done
Event: 602.317 Thread 0x00007fae1a8a3800 Uncommon trap: trap_request=0xffffffde fr.pc=0x00000001121089c0
Event: 602.317 Thread 0x00007fae1a8a3800 DEOPT PACKING pc=0x00000001121089c0 sp=0x00007fff506b3800
Event: 602.317 Thread 0x00007fae1a8a3800 DEOPT UNPACKING pc=0x000000011178e229 sp=0x00007fff506b37a8 mode 2


Dynamic libraries:
0x0000000007173000 	/System/Library/Frameworks/Cocoa.framework/Versions/A/Cocoa
0x0000000007173000 	/System/Library/Frameworks/Security.framework/Versions/A/Security
0x0000000007173000 	/System/Library/Frameworks/ApplicationServices.framework/Versions/A/ApplicationServices
0x0000000007173000 	/usr/lib/libz.1.dylib
0x0000000007173000 	/usr/lib/libSystem.B.dylib
0x0000000007173000 	/usr/lib/libobjc.A.dylib
0x0000000007173000 	/System/Library/Frameworks/CoreFoundation.framework/Versions/A/CoreFoundation
0x0000000007173000 	/System/Library/Frameworks/Foundation.framework/Versions/C/Foundation
0x0000000007173000 	/System/Library/Frameworks/AppKit.framework/Versions/C/AppKit
0x0000000007173000 	/System/Library/Frameworks/CoreData.framework/Versions/A/CoreData
0x0000000007173000 	/System/Library/PrivateFrameworks/RemoteViewServices.framework/Versions/A/RemoteViewServices
0x0000000007173000 	/System/Library/PrivateFrameworks/UIFoundation.framework/Versions/A/UIFoundation
0x0000000007173000 	/System/Library/Frameworks/IOSurface.framework/Versions/A/IOSurface
0x0000000007173000 	/System/Library/Frameworks/AudioToolbox.framework/Versions/A/AudioToolbox
0x0000000007173000 	/System/Library/Frameworks/AudioUnit.framework/Versions/A/AudioUnit
0x0000000007173000 	/System/Library/PrivateFrameworks/DataDetectorsCore.framework/Versions/A/DataDetectorsCore
0x0000000007173000 	/System/Library/PrivateFrameworks/DesktopServicesPriv.framework/Versions/A/DesktopServicesPriv
0x0000000007173000 	/System/Library/Frameworks/Carbon.framework/Versions/A/Frameworks/HIToolbox.framework/Versions/A/HIToolbox
0x0000000007173000 	/System/Library/Frameworks/QuartzCore.framework/Versions/A/QuartzCore
0x0000000007173000 	/System/Library/Frameworks/Carbon.framework/Versions/A/Frameworks/SpeechRecognition.framework/Versions/A/SpeechRecognition
0x0000000007173000 	/usr/lib/libauto.dylib
0x0000000007173000 	/usr/lib/libicucore.A.dylib
0x0000000007173000 	/usr/lib/libxml2.2.dylib
0x0000000007173000 	/System/Library/PrivateFrameworks/CoreUI.framework/Versions/A/CoreUI
0x0000000007173000 	/System/Library/Frameworks/CoreAudio.framework/Versions/A/CoreAudio
0x0000000007173000 	/System/Library/Frameworks/DiskArbitration.framework/Versions/A/DiskArbitration
0x0000000007173000 	/usr/lib/liblangid.dylib
0x0000000007173000 	/System/Library/PrivateFrameworks/MultitouchSupport.framework/Versions/A/MultitouchSupport
0x0000000007173000 	/System/Library/Frameworks/IOKit.framework/Versions/A/IOKit
0x0000000007173000 	/usr/lib/libDiagnosticMessagesClient.dylib
0x0000000007173000 	/System/Library/Frameworks/CoreServices.framework/Versions/A/CoreServices
0x0000000007173000 	/System/Library/PrivateFrameworks/PerformanceAnalysis.framework/Versions/A/PerformanceAnalysis
0x0000000007173000 	/System/Library/PrivateFrameworks/GenerationalStorage.framework/Versions/A/GenerationalStorage
0x0000000007173000 	/System/Library/Frameworks/OpenGL.framework/Versions/A/OpenGL
0x0000000007173000 	/System/Library/PrivateFrameworks/Sharing.framework/Versions/A/Sharing
0x0000000007173000 	/System/Library/Frameworks/CoreGraphics.framework/Versions/A/CoreGraphics
0x0000000007173000 	/System/Library/Frameworks/CoreText.framework/Versions/A/CoreText
0x0000000007173000 	/System/Library/Frameworks/ImageIO.framework/Versions/A/ImageIO
0x0000000007173000 	/usr/lib/libextension.dylib
0x0000000007173000 	/System/Library/PrivateFrameworks/Backup.framework/Versions/A/Backup
0x0000000007173000 	/usr/lib/libarchive.2.dylib
0x0000000007173000 	/System/Library/Frameworks/CFNetwork.framework/Versions/A/CFNetwork
0x0000000007173000 	/System/Library/Frameworks/SystemConfiguration.framework/Versions/A/SystemConfiguration
0x0000000007173000 	/usr/lib/libCRFSuite.dylib
0x0000000007173000 	/usr/lib/libc++.1.dylib
0x0000000007173000 	/usr/lib/libc++abi.dylib
0x0000000007173000 	/usr/lib/system/libcache.dylib
0x0000000007173000 	/usr/lib/system/libcommonCrypto.dylib
0x0000000007173000 	/usr/lib/system/libcompiler_rt.dylib
0x0000000007173000 	/usr/lib/system/libcopyfile.dylib
0x0000000007173000 	/usr/lib/system/libcorecrypto.dylib
0x0000000007173000 	/usr/lib/system/libdispatch.dylib
0x0000000007173000 	/usr/lib/system/libdyld.dylib
0x0000000007173000 	/usr/lib/system/libkeymgr.dylib
0x0000000007173000 	/usr/lib/system/liblaunch.dylib
0x0000000007173000 	/usr/lib/system/libmacho.dylib
0x0000000007173000 	/usr/lib/system/libquarantine.dylib
0x0000000007173000 	/usr/lib/system/libremovefile.dylib
0x0000000007173000 	/usr/lib/system/libsystem_asl.dylib
0x0000000007173000 	/usr/lib/system/libsystem_blocks.dylib
0x0000000007173000 	/usr/lib/system/libsystem_c.dylib
0x0000000007173000 	/usr/lib/system/libsystem_configuration.dylib
0x0000000007173000 	/usr/lib/system/libsystem_coreservices.dylib
0x0000000007173000 	/usr/lib/system/libsystem_coretls.dylib
0x0000000007173000 	/usr/lib/system/libsystem_dnssd.dylib
0x0000000007173000 	/usr/lib/system/libsystem_info.dylib
0x0000000007173000 	/usr/lib/system/libsystem_kernel.dylib
0x0000000007173000 	/usr/lib/system/libsystem_m.dylib
0x0000000007173000 	/usr/lib/system/libsystem_malloc.dylib
0x0000000007173000 	/usr/lib/system/libsystem_network.dylib
0x0000000007173000 	/usr/lib/system/libsystem_networkextension.dylib
0x0000000007173000 	/usr/lib/system/libsystem_notify.dylib
0x0000000007173000 	/usr/lib/system/libsystem_platform.dylib
0x0000000007173000 	/usr/lib/system/libsystem_pthread.dylib
0x0000000007173000 	/usr/lib/system/libsystem_sandbox.dylib
0x0000000007173000 	/usr/lib/system/libsystem_secinit.dylib
0x0000000007173000 	/usr/lib/system/libsystem_stats.dylib
0x0000000007173000 	/usr/lib/system/libsystem_trace.dylib
0x0000000007173000 	/usr/lib/system/libunc.dylib
0x0000000007173000 	/usr/lib/system/libunwind.dylib
0x0000000007173000 	/usr/lib/system/libxpc.dylib
0x0000000007173000 	/usr/lib/libbz2.1.0.dylib
0x0000000007173000 	/usr/lib/liblzma.5.dylib
0x0000000007173000 	/usr/lib/libbsm.0.dylib
0x0000000007173000 	/usr/lib/libsqlite3.dylib
0x0000000007173000 	/usr/lib/system/libkxld.dylib
0x0000000007173000 	/usr/lib/libxar.1.dylib
0x0000000007173000 	/usr/lib/libpam.2.dylib
0x0000000007173000 	/usr/lib/libOpenScriptingUtil.dylib
0x0000000007173000 	/System/Library/Frameworks/CoreServices.framework/Versions/A/Frameworks/FSEvents.framework/Versions/A/FSEvents
0x0000000007173000 	/System/Library/Frameworks/CoreServices.framework/Versions/A/Frameworks/CarbonCore.framework/Versions/A/CarbonCore
0x0000000007173000 	/System/Library/Frameworks/CoreServices.framework/Versions/A/Frameworks/Metadata.framework/Versions/A/Metadata
0x0000000007173000 	/System/Library/Frameworks/CoreServices.framework/Versions/A/Frameworks/OSServices.framework/Versions/A/OSServices
0x0000000007173000 	/System/Library/Frameworks/CoreServices.framework/Versions/A/Frameworks/SearchKit.framework/Versions/A/SearchKit
0x0000000007173000 	/System/Library/Frameworks/CoreServices.framework/Versions/A/Frameworks/AE.framework/Versions/A/AE
0x0000000007173000 	/System/Library/Frameworks/CoreServices.framework/Versions/A/Frameworks/LaunchServices.framework/Versions/A/LaunchServices
0x0000000007173000 	/System/Library/Frameworks/CoreServices.framework/Versions/A/Frameworks/DictionaryServices.framework/Versions/A/DictionaryServices
0x0000000007173000 	/System/Library/Frameworks/NetFS.framework/Versions/A/NetFS
0x0000000007173000 	/System/Library/PrivateFrameworks/NetAuth.framework/Versions/A/NetAuth
0x0000000007173000 	/System/Library/PrivateFrameworks/login.framework/Versions/A/Frameworks/loginsupport.framework/Versions/A/loginsupport
0x0000000007173000 	/System/Library/PrivateFrameworks/TCC.framework/Versions/A/TCC
0x0000000007173000 	/usr/lib/libmecabra.dylib
0x0000000007173000 	/System/Library/Frameworks/ApplicationServices.framework/Versions/A/Frameworks/ATS.framework/Versions/A/ATS
0x0000000007173000 	/System/Library/Frameworks/ApplicationServices.framework/Versions/A/Frameworks/ColorSync.framework/Versions/A/ColorSync
0x0000000007173000 	/System/Library/Frameworks/ApplicationServices.framework/Versions/A/Frameworks/HIServices.framework/Versions/A/HIServices
0x0000000007173000 	/System/Library/Frameworks/ApplicationServices.framework/Versions/A/Frameworks/LangAnalysis.framework/Versions/A/LangAnalysis
0x0000000007173000 	/System/Library/Frameworks/ApplicationServices.framework/Versions/A/Frameworks/PrintCore.framework/Versions/A/PrintCore
0x0000000007173000 	/System/Library/Frameworks/ApplicationServices.framework/Versions/A/Frameworks/QD.framework/Versions/A/QD
0x0000000007173000 	/System/Library/Frameworks/ApplicationServices.framework/Versions/A/Frameworks/SpeechSynthesis.framework/Versions/A/SpeechSynthesis
0x0000000007173000 	/System/Library/Frameworks/Accelerate.framework/Versions/A/Accelerate
0x0000000007173000 	/System/Library/Frameworks/Accelerate.framework/Versions/A/Frameworks/vImage.framework/Versions/A/vImage
0x0000000007173000 	/System/Library/Frameworks/Accelerate.framework/Versions/A/Frameworks/vecLib.framework/Versions/A/vecLib
0x0000000007173000 	/System/Library/Frameworks/Accelerate.framework/Versions/A/Frameworks/vecLib.framework/Versions/A/libvDSP.dylib
0x0000000007173000 	/System/Library/Frameworks/Accelerate.framework/Versions/A/Frameworks/vecLib.framework/Versions/A/libvMisc.dylib
0x0000000007173000 	/System/Library/Frameworks/Accelerate.framework/Versions/A/Frameworks/vecLib.framework/Versions/A/libLAPACK.dylib
0x0000000007173000 	/System/Library/Frameworks/Accelerate.framework/Versions/A/Frameworks/vecLib.framework/Versions/A/libBLAS.dylib
0x0000000007173000 	/System/Library/Frameworks/Accelerate.framework/Versions/A/Frameworks/vecLib.framework/Versions/A/libLinearAlgebra.dylib
0x0000000007173000 	/System/Library/Frameworks/ApplicationServices.framework/Versions/A/Frameworks/ATS.framework/Versions/A/Resources/libFontParser.dylib
0x0000000007173000 	/System/Library/Frameworks/ApplicationServices.framework/Versions/A/Frameworks/ATS.framework/Versions/A/Resources/libFontRegistry.dylib
0x0000000007173000 	/System/Library/PrivateFrameworks/AppleVPA.framework/Versions/A/AppleVPA
0x0000000007173000 	/System/Library/PrivateFrameworks/AppleJPEG.framework/Versions/A/AppleJPEG
0x0000000007173000 	/System/Library/Frameworks/ImageIO.framework/Versions/A/Resources/libJPEG.dylib
0x0000000007173000 	/System/Library/Frameworks/ImageIO.framework/Versions/A/Resources/libTIFF.dylib
0x0000000007173000 	/System/Library/Frameworks/ImageIO.framework/Versions/A/Resources/libPng.dylib
0x0000000007173000 	/System/Library/Frameworks/ImageIO.framework/Versions/A/Resources/libGIF.dylib
0x0000000007173000 	/System/Library/Frameworks/ImageIO.framework/Versions/A/Resources/libJP2.dylib
0x0000000007173000 	/System/Library/Frameworks/ImageIO.framework/Versions/A/Resources/libRadiance.dylib
0x0000000007173000 	/System/Library/Frameworks/CoreVideo.framework/Versions/A/CoreVideo
0x0000000007173000 	/System/Library/Frameworks/OpenGL.framework/Versions/A/Libraries/libGLU.dylib
0x0000000007173000 	/System/Library/Frameworks/OpenGL.framework/Versions/A/Libraries/libGFXShared.dylib
0x0000000007173000 	/System/Library/Frameworks/OpenGL.framework/Versions/A/Libraries/libGL.dylib
0x0000000007173000 	/System/Library/Frameworks/OpenGL.framework/Versions/A/Libraries/libGLImage.dylib
0x0000000007173000 	/System/Library/Frameworks/OpenGL.framework/Versions/A/Libraries/libCVMSPluginSupport.dylib
0x0000000007173000 	/System/Library/Frameworks/OpenGL.framework/Versions/A/Libraries/libCoreVMClient.dylib
0x0000000007173000 	/usr/lib/libcups.2.dylib
0x0000000007173000 	/System/Library/Frameworks/Kerberos.framework/Versions/A/Kerberos
0x0000000007173000 	/System/Library/Frameworks/GSS.framework/Versions/A/GSS
0x0000000007173000 	/usr/lib/libresolv.9.dylib
0x0000000007173000 	/usr/lib/libiconv.2.dylib
0x0000000007173000 	/System/Library/PrivateFrameworks/Heimdal.framework/Versions/A/Heimdal
0x0000000007173000 	/usr/lib/libheimdal-asn1.dylib
0x0000000007173000 	/System/Library/Frameworks/OpenDirectory.framework/Versions/A/OpenDirectory
0x0000000007173000 	/System/Library/PrivateFrameworks/CommonAuth.framework/Versions/A/CommonAuth
0x0000000007173000 	/System/Library/Frameworks/OpenDirectory.framework/Versions/A/Frameworks/CFOpenDirectory.framework/Versions/A/CFOpenDirectory
0x0000000007173000 	/System/Library/Frameworks/SecurityFoundation.framework/Versions/A/SecurityFoundation
0x0000000007173000 	/System/Library/PrivateFrameworks/LanguageModeling.framework/Versions/A/LanguageModeling
0x0000000007173000 	/usr/lib/libcmph.dylib
0x0000000007173000 	/System/Library/Frameworks/ServiceManagement.framework/Versions/A/ServiceManagement
0x0000000007173000 	/usr/lib/libxslt.1.dylib
0x0000000007173000 	/System/Library/Frameworks/Carbon.framework/Versions/A/Frameworks/Ink.framework/Versions/A/Ink
0x0000000007173000 	/System/Library/Frameworks/QuartzCore.framework/Versions/A/Frameworks/CoreImage.framework/Versions/A/CoreImage
0x0000000007173000 	/System/Library/PrivateFrameworks/CrashReporterSupport.framework/Versions/A/CrashReporterSupport
0x0000000007173000 	/System/Library/Frameworks/OpenCL.framework/Versions/A/OpenCL
0x0000000007173000 	/System/Library/PrivateFrameworks/FaceCore.framework/Versions/A/FaceCore
0x0000000007173000 	/System/Library/PrivateFrameworks/Ubiquity.framework/Versions/A/Ubiquity
0x0000000007173000 	/System/Library/PrivateFrameworks/IconServices.framework/Versions/A/IconServices
0x0000000007173000 	/System/Library/PrivateFrameworks/ChunkingLibrary.framework/Versions/A/ChunkingLibrary
0x0000000007173000 	/System/Library/PrivateFrameworks/Apple80211.framework/Versions/A/Apple80211
0x0000000007173000 	/System/Library/Frameworks/CoreWLAN.framework/Versions/A/CoreWLAN
0x0000000007173000 	/System/Library/Frameworks/IOBluetooth.framework/Versions/A/IOBluetooth
0x0000000007173000 	/System/Library/PrivateFrameworks/CoreWiFi.framework/Versions/A/CoreWiFi
0x0000000007173000 	/System/Library/Frameworks/CoreBluetooth.framework/Versions/A/CoreBluetooth
0x0000000007173000 	/System/Library/PrivateFrameworks/DebugSymbols.framework/Versions/A/DebugSymbols
0x0000000007173000 	/System/Library/PrivateFrameworks/CoreSymbolication.framework/Versions/A/CoreSymbolication
0x0000000007173000 	/System/Library/PrivateFrameworks/Symbolication.framework/Versions/A/Symbolication
0x0000000007173000 	/System/Library/PrivateFrameworks/SpeechRecognitionCore.framework/Versions/A/SpeechRecognitionCore
0x0000000110800000 	/Library/Java/JavaVirtualMachines/jdk1.8.0_60.jdk/Contents/Home/jre/lib/server/libjvm.dylib
0x0000000007173000 	/usr/lib/libstdc++.6.dylib
0x000000010f761000 	/Library/Java/JavaVirtualMachines/jdk1.8.0_60.jdk/Contents/Home/jre/lib/libverify.dylib
0x000000010f76f000 	/Library/Java/JavaVirtualMachines/jdk1.8.0_60.jdk/Contents/Home/jre/lib/libjava.dylib
0x000000010f7ae000 	/Library/Java/JavaVirtualMachines/jdk1.8.0_60.jdk/Contents/Home/jre/lib/libzip.dylib
0x000000012d317000 	/System/Library/Frameworks/JavaVM.framework/Frameworks/JavaRuntimeSupport.framework/JavaRuntimeSupport
0x000000012d32f000 	/System/Library/Frameworks/JavaVM.framework/Versions/A/Frameworks/JavaNativeFoundation.framework/Versions/A/JavaNativeFoundation
0x000000012d344000 	/System/Library/Frameworks/JavaVM.framework/Versions/A/JavaVM
0x0000000007173000 	/System/Library/Frameworks/Carbon.framework/Versions/A/Carbon
0x000000012d351000 	/System/Library/PrivateFrameworks/JavaLaunching.framework/Versions/A/JavaLaunching
0x0000000007173000 	/System/Library/Frameworks/Carbon.framework/Versions/A/Frameworks/CommonPanels.framework/Versions/A/CommonPanels
0x0000000007173000 	/System/Library/Frameworks/Carbon.framework/Versions/A/Frameworks/Help.framework/Versions/A/Help
0x0000000007173000 	/System/Library/Frameworks/Carbon.framework/Versions/A/Frameworks/ImageCapture.framework/Versions/A/ImageCapture
0x0000000007173000 	/System/Library/Frameworks/Carbon.framework/Versions/A/Frameworks/OpenScripting.framework/Versions/A/OpenScripting
0x0000000007173000 	/System/Library/Frameworks/Carbon.framework/Versions/A/Frameworks/Print.framework/Versions/A/Print
0x0000000007173000 	/System/Library/Frameworks/Carbon.framework/Versions/A/Frameworks/SecurityHI.framework/Versions/A/SecurityHI
0x000000012f38a000 	/Library/Java/JavaVirtualMachines/jdk1.8.0_60.jdk/Contents/Home/jre/lib/libawt.dylib
0x000000012f432000 	/Library/Java/JavaVirtualMachines/jdk1.8.0_60.jdk/Contents/Home/jre/lib/./libmlib_image.dylib
0x000000012f4fe000 	/Library/Java/JavaVirtualMachines/jdk1.8.0_60.jdk/Contents/Home/jre/lib/libawt_lwawt.dylib
0x000000012f5b3000 	/Library/Java/JavaVirtualMachines/jdk1.8.0_60.jdk/Contents/Home/jre/lib/./libosxapp.dylib
0x0000000007173000 	/System/Library/Frameworks/ExceptionHandling.framework/Versions/A/ExceptionHandling
0x0000000007173000 	/System/Library/PrivateFrameworks/CoreServicesInternal.framework/Versions/A/CoreServicesInternal
0x0000000007173000 	/System/Library/PrivateFrameworks/CloudDocs.framework/Versions/A/CloudDocs
0x0000000007173000 	/System/Library/PrivateFrameworks/CoreDuet.framework/Versions/A/CoreDuet
0x0000000007173000 	/System/Library/Frameworks/CloudKit.framework/Versions/A/CloudKit
0x0000000007173000 	/System/Library/PrivateFrameworks/ProtocolBuffer.framework/Versions/A/ProtocolBuffer
0x0000000007173000 	/System/Library/PrivateFrameworks/CoreDuetDaemonProtocol.framework/Versions/A/CoreDuetDaemonProtocol
0x0000000007173000 	/System/Library/PrivateFrameworks/CoreDuetDebugLogging.framework/Versions/A/CoreDuetDebugLogging
0x0000000007173000 	/System/Library/PrivateFrameworks/MMCS.framework/Versions/A/MMCS
0x0000000007173000 	/System/Library/Frameworks/CoreLocation.framework/Versions/A/CoreLocation
0x0000000007173000 	/System/Library/PrivateFrameworks/ProtectedCloudStorage.framework/Versions/A/ProtectedCloudStorage
0x0000000007173000 	/System/Library/PrivateFrameworks/GeoServices.framework/Versions/A/GeoServices
0x0000000007173000 	/System/Library/Frameworks/CoreGraphics.framework/Versions/A/Resources/libCGCMS.A.dylib
0x0000000007173000 	/System/Library/Frameworks/CoreGraphics.framework/Versions/A/Resources/libRIP.A.dylib
0x0000000007173000 	/System/Library/Frameworks/CoreGraphics.framework/Versions/A/Resources/libCGXType.A.dylib
0x0000000007173000 	/System/Library/Frameworks/OpenCL.framework/Versions/A/Libraries/libcldcpuengine.dylib
0x0000000007173000 	/System/Library/PrivateFrameworks/DiskImages.framework/Versions/A/DiskImages
0x0000000007173000 	/System/Library/Frameworks/DiscRecording.framework/Versions/A/DiscRecording
0x0000000007173000 	/usr/lib/libcsfde.dylib
0x0000000007173000 	/usr/lib/libcurl.4.dylib
0x0000000007173000 	/System/Library/PrivateFrameworks/MediaKit.framework/Versions/A/MediaKit
0x0000000007173000 	/usr/lib/libCoreStorage.dylib
0x0000000007173000 	/System/Library/PrivateFrameworks/EFILogin.framework/Versions/A/EFILogin
0x0000000007173000 	/usr/lib/libutil.dylib
0x0000000007173000 	/System/Library/PrivateFrameworks/FindMyDevice.framework/Versions/A/FindMyDevice
0x0000000007173000 	/System/Library/Frameworks/LDAP.framework/Versions/A/LDAP
0x0000000007173000 	/usr/lib/libsasl2.2.dylib
0x0000000007173000 	/System/Library/PrivateFrameworks/CoreDaemon.framework/Versions/B/CoreDaemon
0x0000000007173000 	/usr/lib/libcrypto.0.9.8.dylib
0x0000000007173000 	/System/Library/PrivateFrameworks/AppleSRP.framework/Versions/A/AppleSRP
0x0000000007173000 	/System/Library/PrivateFrameworks/TrustEvaluationAgent.framework/Versions/A/TrustEvaluationAgent
0x00000001327d3000 	cl_kernels
0x00000001327d5000 	/System/Library/Frameworks/OpenCL.framework/Versions/A/Libraries/ImageFormats/unorm8_bgra.dylib
0x00000001327c5000 	cl_kernels
0x0000000007173000 	/System/Library/PrivateFrameworks/FamilyControls.framework/Versions/A/FamilyControls
0x0000000007173000 	/System/Library/PrivateFrameworks/CommerceKit.framework/Versions/A/Frameworks/CommerceCore.framework/Versions/A/CommerceCore
0x0000000007173000 	/System/Library/PrivateFrameworks/SystemAdministration.framework/Versions/A/SystemAdministration
0x0000000007173000 	/System/Library/PrivateFrameworks/AppContainer.framework/Versions/A/AppContainer
0x0000000007173000 	/System/Library/PrivateFrameworks/SecCodeWrapper.framework/Versions/A/SecCodeWrapper
0x0000000007173000 	/System/Library/Frameworks/DirectoryService.framework/Versions/A/DirectoryService
0x0000000007173000 	/System/Library/PrivateFrameworks/LoginUIKit.framework/Versions/A/Frameworks/LoginUICore.framework/Versions/A/LoginUICore
0x0000000007173000 	/usr/lib/libodfde.dylib
0x0000000007173000 	/System/Library/Frameworks/OpenGL.framework/Versions/A/Resources/GLEngine.bundle/GLEngine
0x0000000007173000 	/System/Library/Frameworks/OpenGL.framework/Versions/A/Libraries/libGLProgrammability.dylib
0x0000000000000000 	/System/Library/Extensions/AppleIntelHD5000GraphicsGLDriver.bundle/Contents/MacOS/AppleIntelHD5000GraphicsGLDriver
0x0000000007173000 	/System/Library/PrivateFrameworks/IOAccelerator.framework/Versions/A/IOAccelerator
0x0000000007173000 	/System/Library/PrivateFrameworks/GPUSupport.framework/Versions/A/Libraries/libGPUSupportMercury.dylib
0x0000000007173000 	/System/Library/Frameworks/OpenGL.framework/Versions/A/Resources/GLRendererFloat.bundle/GLRendererFloat
0x000000013463f000 	/Library/Java/JavaVirtualMachines/jdk1.8.0_60.jdk/Contents/Home/jre/lib/libfontmanager.dylib
0x0000000135979000 	/Library/Java/JavaVirtualMachines/jdk1.8.0_60.jdk/Contents/Home/jre/lib/libosxui.dylib
0x0000000135a47000 	/Library/Java/JavaVirtualMachines/jdk1.8.0_60.jdk/Contents/Home/jre/lib/libnet.dylib
0x0000000135c4a000 	/Library/Java/JavaVirtualMachines/jdk1.8.0_60.jdk/Contents/Home/jre/lib/libnio.dylib
0x0000000007173000 	/System/Library/Frameworks/ApplicationServices.framework/Versions/A/Frameworks/ATS.framework/Versions/A/Resources/libTrueTypeScaler.dylib
0x000000018d2ab000 	/private/var/folders/mh/2lknkfks3wz2hq1cjmpl9h680000gn/T/jogamp_0000/file_cache/jln6317409698925271370/jln8730346486792453141/libgluegen-rt.jnilib
0x00000001359f0000 	/private/var/folders/mh/2lknkfks3wz2hq1cjmpl9h680000gn/T/jogamp_0000/file_cache/jln6317409698925271370/jln8730346486792453141/libnativewindow_awt.jnilib
0x0000000194e02000 	/Library/Java/JavaVirtualMachines/jdk1.8.0_60.jdk/Contents/Home/jre/lib/libjawt.dylib
0x0000000194e05000 	/private/var/folders/mh/2lknkfks3wz2hq1cjmpl9h680000gn/T/jogamp_0000/file_cache/jln6317409698925271370/jln8730346486792453141/libnativewindow_macosx.jnilib
0x0000000199888000 	/private/var/folders/mh/2lknkfks3wz2hq1cjmpl9h680000gn/T/jogamp_0000/file_cache/jln6317409698925271370/jln8730346486792453141/libjogl_desktop.jnilib
0x000000019be32000 	/Library/Java/JavaVirtualMachines/jdk1.8.0_60.jdk/Contents/Home/jre/lib/libt2k.dylib

VM Arguments:
jvm_args: -Djava.security.policy=java.policy.applet -Dfile.encoding=UTF-8 
java_command: sun.applet.AppletViewer module4.EarthquakeCityMap1443986835705.html
java_class_path (initial): /Users/apaswami/Documents/myoop/UCSDUnfoldingMaps/build:/Users/apaswami/Documents/myoop/UCSDUnfoldingMaps/lib/core.jar:/Users/apaswami/Documents/myoop/UCSDUnfoldingMaps/lib/gluegen-rt.jar:/Users/apaswami/Documents/myoop/UCSDUnfoldingMaps/lib/jogl-all.jar:/Users/apaswami/Documents/myoop/UCSDUnfoldingMaps/lib/log4j-1.2.15.jar:/Users/apaswami/Documents/myoop/UCSDUnfoldingMaps/lib/sqlite-jdbc-3.7.2.jar:/Users/apaswami/Documents/myoop/UCSDUnfoldingMaps/lib/json4processing.jar:/Users/apaswami/Documents/myoop/UCSDUnfoldingMaps/lib/libTUIO.jar:/Users/apaswami/Documents/myoop/UCSDUnfoldingMaps/lib/unfolding.0.9.7-uscd.jar
Launcher Type: SUN_STANDARD

Environment Variables:
PATH=/usr/bin:/bin:/usr/sbin:/sbin
SHELL=/bin/bash
DISPLAY=/private/tmp/com.apple.launchd.7AzEaNpeQB/org.macosforge.xquartz:0

Signal Handlers:
SIGSEGV: [libjvm.dylib+0x5a6d31], sa_mask[0]=11111111011111110111111111111111, sa_flags=SA_ONSTACK|SA_RESTART|SA_SIGINFO
SIGBUS: [libjvm.dylib+0x5a6d31], sa_mask[0]=11111111011111110111111111111111, sa_flags=SA_RESTART|SA_SIGINFO
SIGFPE: [libjvm.dylib+0x480a4c], sa_mask[0]=11111111011111110111111111111111, sa_flags=SA_RESTART|SA_SIGINFO
SIGPIPE: [libjvm.dylib+0x480a4c], sa_mask[0]=11111111011111110111111111111111, sa_flags=SA_RESTART|SA_SIGINFO
SIGXFSZ: [libjvm.dylib+0x480a4c], sa_mask[0]=11111111011111110111111111111111, sa_flags=SA_RESTART|SA_SIGINFO
SIGILL: [libjvm.dylib+0x480a4c], sa_mask[0]=11111111011111110111111111111111, sa_flags=SA_RESTART|SA_SIGINFO
SIGUSR1: SIG_DFL, sa_mask[0]=00000000000000000000000000000000, sa_flags=none
SIGUSR2: [libjvm.dylib+0x48056a], sa_mask[0]=00100000000000000000000000000000, sa_flags=SA_RESTART|SA_SIGINFO
SIGHUP: [libjvm.dylib+0x47eb41], sa_mask[0]=11111111011111110111111111111111, sa_flags=SA_RESTART|SA_SIGINFO
SIGINT: [libjvm.dylib+0x47eb41], sa_mask[0]=11111111011111110111111111111111, sa_flags=SA_RESTART|SA_SIGINFO
SIGTERM: [libjvm.dylib+0x47eb41], sa_mask[0]=11111111011111110111111111111111, sa_flags=SA_RESTART|SA_SIGINFO
SIGQUIT: [libjvm.dylib+0x47eb41], sa_mask[0]=11111111011111110111111111111111, sa_flags=SA_RESTART|SA_SIGINFO


---------------  S Y S T E M  ---------------

OS:Bsduname:Darwin 14.3.0 Darwin Kernel Version 14.3.0: Mon Mar 23 11:59:05 PDT 2015; root:xnu-2782.20.48~5/RELEASE_X86_64 x86_64
rlimit: STACK 8192k, CORE 0k, NPROC 709, NOFILE 10240, AS infinity
load average:2.16 2.23 2.06

CPU:total 8 (4 cores per cpu, 2 threads per core) family 6 model 70 stepping 1, cmov, cx8, fxsr, mmx, sse, sse2, sse3, ssse3, sse4.1, sse4.2, popcnt, avx, avx2, aes, clmul, erms, lzcnt, ht, tsc, tscinvbit, bmi1, bmi2

Memory: 4k page, physical 16777216k(463740k free)

/proc/meminfo:


vm_info: Java HotSpot(TM) 64-Bit Server VM (25.60-b23) for bsd-amd64 JRE (1.8.0_60-b27), built on Aug  4 2015 10:47:24 by "java_re" with gcc 4.2.1 (Based on Apple Inc. build 5658) (LLVM build 2336.11.00)

time: Sun Oct  4 14:37:18 2015
elapsed time: 602 seconds (0d 0h 10m 2s)

