#
# A fatal error has been detected by the Java Runtime Environment:
#
#  SIGSEGV (0xb) at pc=0x00007fff897780dd, pid=96854, tid=1811
#
# JRE version: Java(TM) SE Runtime Environment (8.0_60-b27) (build 1.8.0_60-b27)
# Java VM: Java HotSpot(TM) 64-Bit Server VM (25.60-b23 mixed mode bsd-amd64 compressed oops)
# Problematic frame:
# C  [libobjc.A.dylib+0x10dd]  objc_msgSend+0x1d
#
# Failed to write core dump. Core dumps have been disabled. To enable core dumping, try "ulimit -c unlimited" before starting Java again
#
# If you would like to submit a bug report, please visit:
#   http://bugreport.java.com/bugreport/crash.jsp
# The crash happened outside the Java Virtual Machine in native code.
# See problematic frame for where to report the bug.
#

---------------  T H R E A D  ---------------

Current thread (0x00007f8b0b82e000):  JavaThread "AWT-AppKit" daemon [_thread_in_native, id=1811, stack(0x00007fff5b002000,0x00007fff5b802000)]

siginfo: si_signo: 11 (SIGSEGV), si_code: 1 (SEGV_MAPERR), si_addr: 0x0000000000000018

Registers:
RAX=0x00007f8b0fa13210, RBX=0x00000001899d8450, RCX=0x000000012a859c60, RDX=0x000000012a859860
RSP=0x00007fff5b7fd498, RBP=0x00007fff5b7fd550, RSI=0x00007fff9493a41f, RDI=0x00007f8b0f6a7d30
R8 =0x0000000000000000, R9 =0x0000000000000f50, R10=0x00007fff9493a41f, R11=0x0000000000000000
R12=0x0000000000000000, R13=0x000000018ea3a768, R14=0x00000001899d8440, R15=0x00007f8b0b82e000
RIP=0x00007fff897780dd, EFLAGS=0x0000000000010246, ERR=0x0000000000000004
  TRAPNO=0x000000000000000e

Top of Stack: (sp=0x00007fff5b7fd498)
0x00007fff5b7fd498:   00000001899d6157 00007fff5b7fd4f0
0x00007fff5b7fd4a8:   0000000000000003 00007fff5b7fd4d0
0x00007fff5b7fd4b8:   00000001057f1992 000000018ea3a768
0x00007fff5b7fd4c8:   000000018ea3a768 00007f8b0fa13210
0x00007fff5b7fd4d8:   00000001899d86a0 00000001899d8710
0x00007fff5b7fd4e8:   00007fff773cf550 00007fff7723ac80
0x00007fff5b7fd4f8:   00000001899d8450 00000001899d8690
0x00007fff5b7fd508:   00007f8b0fa13210 00007f8b0f6a7d30
0x00007fff5b7fd518:   00007f8b0845a7e0 00007f8b0fa13210
0x00007fff5b7fd528:   00007f8b0f6a7d30 00007fff5b7fd5d8
0x00007fff5b7fd538:   00007f8b0b82e1f8 000000018ea3a768
0x00007fff5b7fd548:   00007fff5b7fd600 00007fff5b7fd5c8
0x00007fff5b7fd558:   00000001066a1954 000000018ea3a768
0x00007fff5b7fd568:   00007fff5b7fd600 00007fff5b7fd5c8
0x00007fff5b7fd578:   00000001066a16e7 00000001066a16a2
0x00007fff5b7fd588:   00007fff5b7fd588 000000018ea3a768
0x00007fff5b7fd598:   00007fff5b7fd600 000000018ea3d3a0
0x00007fff5b7fd5a8:   0000000000000000 000000018ea3a768
0x00007fff5b7fd5b8:   0000000000000000 00007fff5b7fd5e8
0x00007fff5b7fd5c8:   00007fff5b7fd648 0000000106693c4d
0x00007fff5b7fd5d8:   000000076eb51280 000000010669b578
0x00007fff5b7fd5e8:   00007f8b0fa13210 00007fff5b7fd648
0x00007fff5b7fd5f8:   00007f8b0f6a7d30 000000010669cd82
0x00007fff5b7fd608:   00007fff5b7fd608 000000018ea3a932
0x00007fff5b7fd618:   00007fff5b7fd670 000000018ea3d3a0
0x00007fff5b7fd628:   0000000000000000 000000018ea3a940
0x00007fff5b7fd638:   00007fff5b7fd5e8 00007fff5b7fd658
0x00007fff5b7fd648:   00007fff5b7fd6b8 0000000106693c4d
0x00007fff5b7fd658:   00007f8b0fa13210 000000076eb0c660
0x00007fff5b7fd668:   00007f8b0f6a7d30 000000076eb0c660
0x00007fff5b7fd678:   00007fff5b7fd678 0000000192f50c26
0x00007fff5b7fd688:   00007fff5b7fd6c8 0000000192f50ce0 

Instructions: (pc=0x00007fff897780dd)
0x00007fff897780bd:   00 00 00 48 85 ff 2e 74 7a 40 f6 c7 01 2e 75 7e
0x00007fff897780cd:   49 bb f8 ff ff ff ff 7f 00 00 4c 23 1f 49 89 f2
0x00007fff897780dd:   45 23 53 18 49 c1 e2 04 4d 03 53 10 49 3b 32 75
0x00007fff897780ed:   04 41 ff 62 08 49 83 3a 00 74 6a 4d 3b 53 10 74 

Register to memory mapping:

RAX=0x00007f8b0fa13210 is an unknown value
RBX=0x00000001899d8450: Java_jogamp_nativewindow_macosx_OSXUtil_GetScreenRefreshRate0+0x1cf0 in /private/var/folders/mh/2lknkfks3wz2hq1cjmpl9h680000gn/T/jogamp_0000/file_cache/jln4025106426171883656/jln5141543926162623877/libnativewindow_macosx.jnilib at 0x00000001899d1000
RCX=0x000000012a859c60 is an unknown value
RDX=0x000000012a859860 is an unknown value
RSP=0x00007fff5b7fd498 is pointing into the stack for thread: 0x00007f8b0b82e000
RBP=0x00007fff5b7fd550 is pointing into the stack for thread: 0x00007f8b0b82e000
RSI=0x00007fff9493a41f is an unknown value
RDI=0x00007f8b0f6a7d30 is an unknown value
R8 =0x0000000000000000 is an unknown value
R9 =0x0000000000000f50 is an unknown value
R10=0x00007fff9493a41f is an unknown value
R11=0x0000000000000000 is an unknown value
R12=0x0000000000000000 is an unknown value
R13={method} {0x000000018ea3a768} 'UnsetJAWTRootSurfaceLayer0' '(JJ)V' in 'jogamp/nativewindow/jawt/macosx/MacOSXJAWTWindow'
R14=0x00000001899d8440: Java_jogamp_nativewindow_macosx_OSXUtil_GetScreenRefreshRate0+0x1ce0 in /private/var/folders/mh/2lknkfks3wz2hq1cjmpl9h680000gn/T/jogamp_0000/file_cache/jln4025106426171883656/jln5141543926162623877/libnativewindow_macosx.jnilib at 0x00000001899d1000
R15=0x00007f8b0b82e000 is a thread


Stack: [0x00007fff5b002000,0x00007fff5b802000],  sp=0x00007fff5b7fd498,  free space=8173k
Native frames: (J=compiled Java code, j=interpreted, Vv=VM code, C=native code)
C  [libobjc.A.dylib+0x10dd]  objc_msgSend+0x1d
j  jogamp.nativewindow.jawt.macosx.MacOSXJAWTWindow.UnsetJAWTRootSurfaceLayer0(JJ)V+0
j  jogamp.nativewindow.jawt.macosx.MacOSXJAWTWindow.access$200(JJ)V+2
j  jogamp.nativewindow.jawt.macosx.MacOSXJAWTWindow$1.run()V+38
J 2172 C1 com.jogamp.common.util.RunnableTask.run()V (345 bytes) @ 0x0000000106e55594 [0x0000000106e55400+0x194]
v  ~StubRoutines::call_stub
V  [libjvm.dylib+0x2eab0e]  JavaCalls::call_helper(JavaValue*, methodHandle*, JavaCallArguments*, Thread*)+0x6ae
V  [libjvm.dylib+0x321bb7]  jni_invoke_nonstatic(JNIEnv_*, JavaValue*, _jobject*, JNICallType, _jmethodID*, JNI_ArgumentPusher*, Thread*)+0x2ec
V  [libjvm.dylib+0x31438b]  jni_CallVoidMethod+0x16b
C  [libnativewindow_macosx.jnilib+0x5326]  Java_jogamp_nativewindow_jawt_macosx_MacOSXJAWTWindow_UnsetJAWTRootSurfaceLayer0+0x2b6
C  [Foundation+0x92d00]  __NSThreadPerformPerform+0x125
C  [CoreFoundation+0x80a01]  __CFRUNLOOP_IS_CALLING_OUT_TO_A_SOURCE0_PERFORM_FUNCTION__+0x11
C  [CoreFoundation+0x72c5c]  __CFRunLoopDoSources0+0x1dc
C  [CoreFoundation+0x721bf]  __CFRunLoopRun+0x39f
C  [CoreFoundation+0x71bd8]  CFRunLoopRunSpecific+0x128
C  [HIToolbox+0x3256f]  RunCurrentEventLoopInMode+0xeb
C  [HIToolbox+0x321ee]  ReceiveNextEventCommon+0xb3
C  [HIToolbox+0x3212b]  _BlockUntilNextEventMatchingListInModeWithFilter+0x47
C  [AppKit+0x919bb]  _DPSNextEvent+0x3d2
C  [AppKit+0x90f68]  -[NSApplication nextEventMatchingMask:untilDate:inMode:dequeue:]+0x15a
C  [libosxapp.dylib+0x23aa]  -[NSApplicationAWT nextEventMatchingMask:untilDate:inMode:dequeue:]+0x7c
C  [AppKit+0x86bf3]  -[NSApplication run]+0x252
C  [libosxapp.dylib+0x214d]  +[NSApplicationAWT runAWTLoopWithApp:]+0x9c
C  [libawt_lwawt.dylib+0x44517]  -[AWTStarter starter:]+0x389
C  [Foundation+0x92d00]  __NSThreadPerformPerform+0x125
C  [CoreFoundation+0x80a01]  __CFRUNLOOP_IS_CALLING_OUT_TO_A_SOURCE0_PERFORM_FUNCTION__+0x11
C  [CoreFoundation+0x72b8d]  __CFRunLoopDoSources0+0x10d
C  [CoreFoundation+0x721bf]  __CFRunLoopRun+0x39f
C  [CoreFoundation+0x71bd8]  CFRunLoopRunSpecific+0x128
C  [java+0x6463]  CreateExecutionEnvironment+0x367
C  [java+0x21ac]  JLI_Launch+0x7a0
C  [java+0x84c0]  main+0x65
C  [java+0x1a04]  start+0x34
C  0x0000000000000007

Java frames: (J=compiled Java code, j=interpreted, Vv=VM code)
j  jogamp.nativewindow.jawt.macosx.MacOSXJAWTWindow.UnsetJAWTRootSurfaceLayer0(JJ)V+0
j  jogamp.nativewindow.jawt.macosx.MacOSXJAWTWindow.access$200(JJ)V+2
j  jogamp.nativewindow.jawt.macosx.MacOSXJAWTWindow$1.run()V+38
J 2172 C1 com.jogamp.common.util.RunnableTask.run()V (345 bytes) @ 0x0000000106e55594 [0x0000000106e55400+0x194]
v  ~StubRoutines::call_stub

---------------  P R O C E S S  ---------------

Java Threads: ( => current thread )
  0x00007f8b11923000 JavaThread "Thread-19" [_thread_blocked, id=65323, stack(0x0000000192189000,0x0000000192289000)]
  0x00007f8b0c972800 JavaThread "Image Fetcher 1" daemon [_thread_blocked, id=68099, stack(0x0000000197166000,0x0000000197266000)]
  0x00007f8b11878000 JavaThread "Image Fetcher 0" daemon [_thread_blocked, id=67587, stack(0x0000000197063000,0x0000000197163000)]
  0x00007f8b0b5d1000 JavaThread "Keep-Alive-Timer" daemon [_thread_blocked, id=67387, stack(0x0000000196f60000,0x0000000197060000)]
  0x00007f8b0ba79000 JavaThread "Animation Thread" [_thread_blocked, id=59943, stack(0x0000000189d99000,0x0000000189e99000)]
  0x00007f8b0b16c000 JavaThread "AWT-EventQueue-1" [_thread_in_native, id=60431, stack(0x000000018a3dc000,0x000000018a4dc000)]
  0x00007f8b0ba70000 JavaThread "DestroyJavaVM" [_thread_blocked, id=4867, stack(0x000000010658a000,0x000000010668a000)]
  0x00007f8b099f8000 JavaThread "AWT-EventQueue-0" [_thread_blocked, id=58887, stack(0x000000012a71d000,0x000000012a81d000)]
  0x00007f8b0b08e000 JavaThread "Java2D Disposer" daemon [_thread_blocked, id=55063, stack(0x00000001293f3000,0x00000001294f3000)]
  0x00007f8b0b084800 JavaThread "Java2D Queue Flusher" daemon [_thread_blocked, id=53511, stack(0x0000000128a54000,0x0000000128b54000)]
  0x00007f8b0b8b8800 JavaThread "AWT-Shutdown" [_thread_blocked, id=30483, stack(0x0000000125a35000,0x0000000125b35000)]
=>0x00007f8b0b82e000 JavaThread "AWT-AppKit" daemon [_thread_in_native, id=1811, stack(0x00007fff5b002000,0x00007fff5b802000)]
  0x00007f8b0b801000 JavaThread "Service Thread" daemon [_thread_blocked, id=20739, stack(0x0000000124000000,0x0000000124100000)]
  0x00007f8b08836000 JavaThread "C1 CompilerThread3" daemon [_thread_blocked, id=20227, stack(0x0000000123efd000,0x0000000123ffd000)]
  0x00007f8b08835800 JavaThread "C2 CompilerThread2" daemon [_thread_blocked, id=19715, stack(0x0000000123dfa000,0x0000000123efa000)]
  0x00007f8b0b802000 JavaThread "C2 CompilerThread1" daemon [_thread_blocked, id=19203, stack(0x0000000123cf7000,0x0000000123df7000)]
  0x00007f8b0986a000 JavaThread "C2 CompilerThread0" daemon [_thread_blocked, id=18691, stack(0x0000000123bf4000,0x0000000123cf4000)]
  0x00007f8b08834800 JavaThread "Signal Dispatcher" daemon [_thread_blocked, id=14351, stack(0x0000000123af1000,0x0000000123bf1000)]
  0x00007f8b09837000 JavaThread "Finalizer" daemon [_thread_blocked, id=13571, stack(0x00000001220e8000,0x00000001221e8000)]
  0x00007f8b09836800 JavaThread "Reference Handler" daemon [_thread_blocked, id=13059, stack(0x0000000121fe5000,0x00000001220e5000)]

Other Threads:
  0x00007f8b09833800 VMThread [stack: 0x0000000121ee2000,0x0000000121fe2000] [id=12547]
  0x00007f8b0b825000 WatcherThread [stack: 0x0000000124103000,0x0000000124203000] [id=21251]

VM state:not at safepoint (normal execution)

VM Mutex/Monitor currently owned by a thread: None

Heap:
 PSYoungGen      total 76288K, used 60257K [0x000000076ab00000, 0x0000000770000000, 0x00000007c0000000)
  eden space 65536K, 78% used [0x000000076ab00000,0x000000076dd85640,0x000000076eb00000)
  from space 10752K, 79% used [0x000000076eb00000,0x000000076f353140,0x000000076f580000)
  to   space 10752K, 0% used [0x000000076f580000,0x000000076f580000,0x0000000770000000)
 ParOldGen       total 175104K, used 80K [0x00000006c0000000, 0x00000006cab00000, 0x000000076ab00000)
  object space 175104K, 0% used [0x00000006c0000000,0x00000006c0014010,0x00000006cab00000)
 Metaspace       used 20591K, capacity 20815K, committed 21120K, reserved 1069056K
  class space    used 2044K, capacity 2112K, committed 2176K, reserved 1048576K

Card table byte_map: [0x0000000115a4c000,0x000000011624d000] byte_map_base: 0x000000011244c000

Marking Bits: (ParMarkBitMap*) 0x0000000105edee20
 Begin Bits: [0x0000000116fbb000, 0x000000011afbb000)
 End Bits:   [0x000000011afbb000, 0x000000011efbb000)

Polling page: 0x0000000104557000

CodeCache: size=245760Kb used=8020Kb max_used=8020Kb free=237739Kb
 bounds [0x000000010668c000, 0x0000000106e6c000, 0x000000011568c000]
 total_blobs=3090 nmethods=2200 adapters=803
 compilation: enabled

Compilation events (10 events):
Event: 6.462 Thread 0x00007f8b08836000 2194       3       java.util.concurrent.locks.LockSupport::unpark (12 bytes)
Event: 6.463 Thread 0x00007f8b08836000 nmethod 2194 0x0000000106e670d0 code [0x0000000106e67240, 0x0000000106e67468]
Event: 6.463 Thread 0x00007f8b08836000 2196       1       sun.java2d.SurfaceData::isValid (5 bytes)
Event: 6.463 Thread 0x00007f8b08836000 nmethod 2196 0x0000000106e67850 code [0x0000000106e679a0, 0x0000000106e67ab0]
Event: 6.463 Thread 0x00007f8b08836000 2197       3       sun.java2d.pipe.RenderBuffer::putFloat (26 bytes)
Event: 6.463 Thread 0x00007f8b08836000 nmethod 2197 0x0000000106e67b10 code [0x0000000106e67c80, 0x0000000106e67e10]
Event: 6.464 Thread 0x00007f8b08836000 2199       3       sun.lwawt.macosx.CPlatformComponent::getPointer (5 bytes)
Event: 6.464 Thread 0x00007f8b08836000 nmethod 2199 0x0000000106e67ed0 code [0x0000000106e68020, 0x0000000106e68170]
Event: 6.474 Thread 0x00007f8b08836000 2200       3       com.jogamp.opengl.GLRendererQuirks::exist (22 bytes)
Event: 6.474 Thread 0x00007f8b08836000 nmethod 2200 0x0000000106e681d0 code [0x0000000106e68340, 0x0000000106e68548]

GC Heap History (2 events):
Event: 2.314 GC heap before
{Heap before GC invocations=1 (full 0):
 PSYoungGen      total 76288K, used 64315K [0x000000076ab00000, 0x0000000770000000, 0x00000007c0000000)
  eden space 65536K, 98% used [0x000000076ab00000,0x000000076e9cef08,0x000000076eb00000)
  from space 10752K, 0% used [0x000000076f580000,0x000000076f580000,0x0000000770000000)
  to   space 10752K, 0% used [0x000000076eb00000,0x000000076eb00000,0x000000076f580000)
 ParOldGen       total 175104K, used 0K [0x00000006c0000000, 0x00000006cab00000, 0x000000076ab00000)
  object space 175104K, 0% used [0x00000006c0000000,0x00000006c0000000,0x00000006cab00000)
 Metaspace       used 18572K, capacity 18751K, committed 18944K, reserved 1067008K
  class space    used 1899K, capacity 1982K, committed 2048K, reserved 1048576K
Event: 2.322 GC heap after
Heap after GC invocations=1 (full 0):
 PSYoungGen      total 76288K, used 8524K [0x000000076ab00000, 0x0000000770000000, 0x00000007c0000000)
  eden space 65536K, 0% used [0x000000076ab00000,0x000000076ab00000,0x000000076eb00000)
  from space 10752K, 79% used [0x000000076eb00000,0x000000076f353140,0x000000076f580000)
  to   space 10752K, 0% used [0x000000076f580000,0x000000076f580000,0x0000000770000000)
 ParOldGen       total 175104K, used 80K [0x00000006c0000000, 0x00000006cab00000, 0x000000076ab00000)
  object space 175104K, 0% used [0x00000006c0000000,0x00000006c0014010,0x00000006cab00000)
 Metaspace       used 18572K, capacity 18751K, committed 18944K, reserved 1067008K
  class space    used 1899K, capacity 1982K, committed 2048K, reserved 1048576K
}

Deoptimization events (10 events):
Event: 1.494 Thread 0x00007f8b0ba79000 Uncommon trap: reason=unstable_if action=reinterpret pc=0x00000001068b8bec method=java.lang.String.indexOf([CII[CIII)I @ 3
Event: 1.494 Thread 0x00007f8b0ba79000 Uncommon trap: reason=unstable_if action=reinterpret pc=0x0000000106847224 method=java.lang.String.indexOf([CII[CIII)I @ 3
Event: 2.175 Thread 0x00007f8b0b16c000 Uncommon trap: reason=unstable_if action=reinterpret pc=0x000000010683242c method=java.lang.AbstractStringBuilder.append(Ljava/lang/String;)Ljava/lang/AbstractStringBuilder; @ 1
Event: 2.295 Thread 0x00007f8b0b16c000 Uncommon trap: reason=unstable_if action=reinterpret pc=0x0000000106a4a07c method=sun.misc.FloatingDecimal.readJavaFormatString(Ljava/lang/String;)Lsun/misc/FloatingDecimal$ASCIIToBinaryConverter; @ 445
Event: 2.416 Thread 0x00007f8b0b16c000 Uncommon trap: reason=unstable_if action=reinterpret pc=0x0000000106ac89bc method=com.jogamp.common.util.IntIntHashMap.get(I)I @ 28
Event: 2.424 Thread 0x00007f8b0b16c000 Uncommon trap: reason=unstable_if action=reinterpret pc=0x0000000106a35650 method=java.lang.String.trim()Ljava/lang/String; @ 23
Event: 2.569 Thread 0x00007f8b09011800 Uncommon trap: reason=unstable_if action=reinterpret pc=0x0000000106a4ca14 method=java.lang.String.regionMatches(ZILjava/lang/String;II)Z @ 123
Event: 6.447 Thread 0x00007f8b0b16c000 Uncommon trap: reason=unstable_if action=reinterpret pc=0x0000000106c87468 method=com.jogamp.common.util.VersionNumber.compareTo(Lcom/jogamp/common/util/VersionNumber;)I @ 21
Event: 6.462 Thread 0x00007f8b08956000 Uncommon trap: reason=unstable_if action=reinterpret pc=0x0000000106b2f7a8 method=java.util.HashMap.putVal(ILjava/lang/Object;Ljava/lang/Object;ZZ)Ljava/lang/Object; @ 81
Event: 6.462 Thread 0x00007f8b08956000 Uncommon trap: reason=unstable_if action=reinterpret pc=0x0000000106b1cd7c method=java.util.HashMap.putVal(ILjava/lang/Object;Ljava/lang/Object;ZZ)Ljava/lang/Object; @ 81

Internal exceptions (10 events):
Event: 0.114 Thread 0x00007f8b09807000 Exception <a 'java/lang/NoSuchFieldError': method resolution failed> (0x000000076af3abd8) thrown at [/Users/java_re/workspace/8-2-build-macosx-x86_64/jdk8u60/4407/hotspot/src/share/vm/prims/methodHandles.cpp, line 1146]
Event: 0.115 Thread 0x00007f8b09807000 Exception <a 'java/lang/NoSuchFieldError': method resolution failed> (0x000000076af483a8) thrown at [/Users/java_re/workspace/8-2-build-macosx-x86_64/jdk8u60/4407/hotspot/src/share/vm/prims/methodHandles.cpp, line 1146]
Event: 0.274 Thread 0x00007f8b09807000 Exception <a 'java/io/FileNotFoundException'> (0x000000076afc42a0) thrown at [/Users/java_re/workspace/8-2-build-macosx-x86_64/jdk8u60/4407/hotspot/src/share/vm/prims/jni.cpp, line 709]
Event: 0.274 Thread 0x00007f8b09807000 Exception <a 'java/io/FileNotFoundException'> (0x000000076afc4e00) thrown at [/Users/java_re/workspace/8-2-build-macosx-x86_64/jdk8u60/4407/hotspot/src/share/vm/prims/jni.cpp, line 709]
Event: 0.349 Thread 0x00007f8b09807000 Exception <a 'java/io/FileNotFoundException'> (0x000000076b1a4908) thrown at [/Users/java_re/workspace/8-2-build-macosx-x86_64/jdk8u60/4407/hotspot/src/share/vm/prims/jni.cpp, line 709]
Event: 1.511 Thread 0x00007f8b0ba79000 Exception <a 'java/lang/UnsatisfiedLinkError': com.jogamp.common.util.JarUtil.fixNativeLibAttribs(Ljava/lang/String;)Z> (0x000000076c7b7198) thrown at [/Users/java_re/workspace/8-2-build-macosx-x86_64/jdk8u60/4407/hotspot/src/share/vm/prims/nativeLookup.c
Event: 2.175 Thread 0x00007f8b0b16c000 Exception <a 'java/io/FileNotFoundException'> (0x000000076db20428) thrown at [/Users/java_re/workspace/8-2-build-macosx-x86_64/jdk8u60/4407/hotspot/src/share/vm/prims/jni.cpp, line 709]
Event: 2.175 Thread 0x00007f8b0b16c000 Exception <a 'java/io/FileNotFoundException'> (0x000000076db277f0) thrown at [/Users/java_re/workspace/8-2-build-macosx-x86_64/jdk8u60/4407/hotspot/src/share/vm/prims/jni.cpp, line 709]
Event: 2.175 Thread 0x00007f8b0b16c000 Implicit null exception at 0x00000001068320b5 to 0x0000000106832419
Event: 2.324 Thread 0x00007f8b09837000 Exception <a 'java/lang/NullPointerException'> (0x000000076aeaefc0) thrown at [/Users/java_re/workspace/8-2-build-macosx-x86_64/jdk8u60/4407/hotspot/src/share/vm/interpreter/linkResolver.cpp, line 1178]

Events (10 events):
Event: 6.475 loading class jogamp/nativewindow/jawt/macosx/MacOSXJAWTWindow$1 done
Event: 6.476 loading class java/awt/LightweightDispatcher$2
Event: 6.476 loading class java/awt/LightweightDispatcher$2 done
Event: 6.476 loading class java/awt/event/AWTEventListenerProxy
Event: 6.476 loading class java/awt/event/AWTEventListenerProxy done
Event: 6.476 loading class java/awt/Toolkit$ToolkitEventMulticaster
Event: 6.476 loading class java/awt/Toolkit$ToolkitEventMulticaster done
Event: 6.476 Thread 0x00007f8b08956000 Thread exited: 0x00007f8b08956000
Event: 6.476 loading class java/awt/Window$1DisposeAction
Event: 6.476 loading class java/awt/Window$1DisposeAction done


Dynamic libraries:
0x0000000007173000 	/System/Library/Frameworks/Cocoa.framework/Versions/A/Cocoa
0x0000000007173000 	/System/Library/Frameworks/Security.framework/Versions/A/Security
0x0000000007173000 	/System/Library/Frameworks/ApplicationServices.framework/Versions/A/ApplicationServices
0x0000000007173000 	/usr/lib/libz.1.dylib
0x0000000007173000 	/usr/lib/libSystem.B.dylib
0x0000000007173000 	/usr/lib/libobjc.A.dylib
0x0000000007173000 	/System/Library/Frameworks/CoreFoundation.framework/Versions/A/CoreFoundation
0x0000000007173000 	/System/Library/Frameworks/Foundation.framework/Versions/C/Foundation
0x0000000007173000 	/System/Library/Frameworks/AppKit.framework/Versions/C/AppKit
0x0000000007173000 	/System/Library/Frameworks/CoreData.framework/Versions/A/CoreData
0x0000000007173000 	/System/Library/PrivateFrameworks/RemoteViewServices.framework/Versions/A/RemoteViewServices
0x0000000007173000 	/System/Library/PrivateFrameworks/UIFoundation.framework/Versions/A/UIFoundation
0x0000000007173000 	/System/Library/Frameworks/IOSurface.framework/Versions/A/IOSurface
0x0000000007173000 	/System/Library/Frameworks/AudioToolbox.framework/Versions/A/AudioToolbox
0x0000000007173000 	/System/Library/Frameworks/AudioUnit.framework/Versions/A/AudioUnit
0x0000000007173000 	/System/Library/PrivateFrameworks/DataDetectorsCore.framework/Versions/A/DataDetectorsCore
0x0000000007173000 	/System/Library/PrivateFrameworks/DesktopServicesPriv.framework/Versions/A/DesktopServicesPriv
0x0000000007173000 	/System/Library/Frameworks/Carbon.framework/Versions/A/Frameworks/HIToolbox.framework/Versions/A/HIToolbox
0x0000000007173000 	/System/Library/Frameworks/QuartzCore.framework/Versions/A/QuartzCore
0x0000000007173000 	/System/Library/Frameworks/Carbon.framework/Versions/A/Frameworks/SpeechRecognition.framework/Versions/A/SpeechRecognition
0x0000000007173000 	/usr/lib/libauto.dylib
0x0000000007173000 	/usr/lib/libicucore.A.dylib
0x0000000007173000 	/usr/lib/libxml2.2.dylib
0x0000000007173000 	/System/Library/PrivateFrameworks/CoreUI.framework/Versions/A/CoreUI
0x0000000007173000 	/System/Library/Frameworks/CoreAudio.framework/Versions/A/CoreAudio
0x0000000007173000 	/System/Library/Frameworks/DiskArbitration.framework/Versions/A/DiskArbitration
0x0000000007173000 	/usr/lib/liblangid.dylib
0x0000000007173000 	/System/Library/PrivateFrameworks/MultitouchSupport.framework/Versions/A/MultitouchSupport
0x0000000007173000 	/System/Library/Frameworks/IOKit.framework/Versions/A/IOKit
0x0000000007173000 	/usr/lib/libDiagnosticMessagesClient.dylib
0x0000000007173000 	/System/Library/Frameworks/CoreServices.framework/Versions/A/CoreServices
0x0000000007173000 	/System/Library/PrivateFrameworks/PerformanceAnalysis.framework/Versions/A/PerformanceAnalysis
0x0000000007173000 	/System/Library/PrivateFrameworks/GenerationalStorage.framework/Versions/A/GenerationalStorage
0x0000000007173000 	/System/Library/Frameworks/OpenGL.framework/Versions/A/OpenGL
0x0000000007173000 	/System/Library/PrivateFrameworks/Sharing.framework/Versions/A/Sharing
0x0000000007173000 	/System/Library/Frameworks/CoreGraphics.framework/Versions/A/CoreGraphics
0x0000000007173000 	/System/Library/Frameworks/CoreText.framework/Versions/A/CoreText
0x0000000007173000 	/System/Library/Frameworks/ImageIO.framework/Versions/A/ImageIO
0x0000000007173000 	/usr/lib/libextension.dylib
0x0000000007173000 	/System/Library/PrivateFrameworks/Backup.framework/Versions/A/Backup
0x0000000007173000 	/usr/lib/libarchive.2.dylib
0x0000000007173000 	/System/Library/Frameworks/CFNetwork.framework/Versions/A/CFNetwork
0x0000000007173000 	/System/Library/Frameworks/SystemConfiguration.framework/Versions/A/SystemConfiguration
0x0000000007173000 	/usr/lib/libCRFSuite.dylib
0x0000000007173000 	/usr/lib/libc++.1.dylib
0x0000000007173000 	/usr/lib/libc++abi.dylib
0x0000000007173000 	/usr/lib/system/libcache.dylib
0x0000000007173000 	/usr/lib/system/libcommonCrypto.dylib
0x0000000007173000 	/usr/lib/system/libcompiler_rt.dylib
0x0000000007173000 	/usr/lib/system/libcopyfile.dylib
0x0000000007173000 	/usr/lib/system/libcorecrypto.dylib
0x0000000007173000 	/usr/lib/system/libdispatch.dylib
0x0000000007173000 	/usr/lib/system/libdyld.dylib
0x0000000007173000 	/usr/lib/system/libkeymgr.dylib
0x0000000007173000 	/usr/lib/system/liblaunch.dylib
0x0000000007173000 	/usr/lib/system/libmacho.dylib
0x0000000007173000 	/usr/lib/system/libquarantine.dylib
0x0000000007173000 	/usr/lib/system/libremovefile.dylib
0x0000000007173000 	/usr/lib/system/libsystem_asl.dylib
0x0000000007173000 	/usr/lib/system/libsystem_blocks.dylib
0x0000000007173000 	/usr/lib/system/libsystem_c.dylib
0x0000000007173000 	/usr/lib/system/libsystem_configuration.dylib
0x0000000007173000 	/usr/lib/system/libsystem_coreservices.dylib
0x0000000007173000 	/usr/lib/system/libsystem_coretls.dylib
0x0000000007173000 	/usr/lib/system/libsystem_dnssd.dylib
0x0000000007173000 	/usr/lib/system/libsystem_info.dylib
0x0000000007173000 	/usr/lib/system/libsystem_kernel.dylib
0x0000000007173000 	/usr/lib/system/libsystem_m.dylib
0x0000000007173000 	/usr/lib/system/libsystem_malloc.dylib
0x0000000007173000 	/usr/lib/system/libsystem_network.dylib
0x0000000007173000 	/usr/lib/system/libsystem_networkextension.dylib
0x0000000007173000 	/usr/lib/system/libsystem_notify.dylib
0x0000000007173000 	/usr/lib/system/libsystem_platform.dylib
0x0000000007173000 	/usr/lib/system/libsystem_pthread.dylib
0x0000000007173000 	/usr/lib/system/libsystem_sandbox.dylib
0x0000000007173000 	/usr/lib/system/libsystem_secinit.dylib
0x0000000007173000 	/usr/lib/system/libsystem_stats.dylib
0x0000000007173000 	/usr/lib/system/libsystem_trace.dylib
0x0000000007173000 	/usr/lib/system/libunc.dylib
0x0000000007173000 	/usr/lib/system/libunwind.dylib
0x0000000007173000 	/usr/lib/system/libxpc.dylib
0x0000000007173000 	/usr/lib/libbz2.1.0.dylib
0x0000000007173000 	/usr/lib/liblzma.5.dylib
0x0000000007173000 	/usr/lib/libbsm.0.dylib
0x0000000007173000 	/usr/lib/libsqlite3.dylib
0x0000000007173000 	/usr/lib/system/libkxld.dylib
0x0000000007173000 	/usr/lib/libxar.1.dylib
0x0000000007173000 	/usr/lib/libpam.2.dylib
0x0000000007173000 	/usr/lib/libOpenScriptingUtil.dylib
0x0000000007173000 	/System/Library/Frameworks/CoreServices.framework/Versions/A/Frameworks/FSEvents.framework/Versions/A/FSEvents
0x0000000007173000 	/System/Library/Frameworks/CoreServices.framework/Versions/A/Frameworks/CarbonCore.framework/Versions/A/CarbonCore
0x0000000007173000 	/System/Library/Frameworks/CoreServices.framework/Versions/A/Frameworks/Metadata.framework/Versions/A/Metadata
0x0000000007173000 	/System/Library/Frameworks/CoreServices.framework/Versions/A/Frameworks/OSServices.framework/Versions/A/OSServices
0x0000000007173000 	/System/Library/Frameworks/CoreServices.framework/Versions/A/Frameworks/SearchKit.framework/Versions/A/SearchKit
0x0000000007173000 	/System/Library/Frameworks/CoreServices.framework/Versions/A/Frameworks/AE.framework/Versions/A/AE
0x0000000007173000 	/System/Library/Frameworks/CoreServices.framework/Versions/A/Frameworks/LaunchServices.framework/Versions/A/LaunchServices
0x0000000007173000 	/System/Library/Frameworks/CoreServices.framework/Versions/A/Frameworks/DictionaryServices.framework/Versions/A/DictionaryServices
0x0000000007173000 	/System/Library/Frameworks/NetFS.framework/Versions/A/NetFS
0x0000000007173000 	/System/Library/PrivateFrameworks/NetAuth.framework/Versions/A/NetAuth
0x0000000007173000 	/System/Library/PrivateFrameworks/login.framework/Versions/A/Frameworks/loginsupport.framework/Versions/A/loginsupport
0x0000000007173000 	/System/Library/PrivateFrameworks/TCC.framework/Versions/A/TCC
0x0000000007173000 	/usr/lib/libmecabra.dylib
0x0000000007173000 	/System/Library/Frameworks/ApplicationServices.framework/Versions/A/Frameworks/ATS.framework/Versions/A/ATS
0x0000000007173000 	/System/Library/Frameworks/ApplicationServices.framework/Versions/A/Frameworks/ColorSync.framework/Versions/A/ColorSync
0x0000000007173000 	/System/Library/Frameworks/ApplicationServices.framework/Versions/A/Frameworks/HIServices.framework/Versions/A/HIServices
0x0000000007173000 	/System/Library/Frameworks/ApplicationServices.framework/Versions/A/Frameworks/LangAnalysis.framework/Versions/A/LangAnalysis
0x0000000007173000 	/System/Library/Frameworks/ApplicationServices.framework/Versions/A/Frameworks/PrintCore.framework/Versions/A/PrintCore
0x0000000007173000 	/System/Library/Frameworks/ApplicationServices.framework/Versions/A/Frameworks/QD.framework/Versions/A/QD
0x0000000007173000 	/System/Library/Frameworks/ApplicationServices.framework/Versions/A/Frameworks/SpeechSynthesis.framework/Versions/A/SpeechSynthesis
0x0000000007173000 	/System/Library/Frameworks/Accelerate.framework/Versions/A/Accelerate
0x0000000007173000 	/System/Library/Frameworks/Accelerate.framework/Versions/A/Frameworks/vImage.framework/Versions/A/vImage
0x0000000007173000 	/System/Library/Frameworks/Accelerate.framework/Versions/A/Frameworks/vecLib.framework/Versions/A/vecLib
0x0000000007173000 	/System/Library/Frameworks/Accelerate.framework/Versions/A/Frameworks/vecLib.framework/Versions/A/libvDSP.dylib
0x0000000007173000 	/System/Library/Frameworks/Accelerate.framework/Versions/A/Frameworks/vecLib.framework/Versions/A/libvMisc.dylib
0x0000000007173000 	/System/Library/Frameworks/Accelerate.framework/Versions/A/Frameworks/vecLib.framework/Versions/A/libLAPACK.dylib
0x0000000007173000 	/System/Library/Frameworks/Accelerate.framework/Versions/A/Frameworks/vecLib.framework/Versions/A/libBLAS.dylib
0x0000000007173000 	/System/Library/Frameworks/Accelerate.framework/Versions/A/Frameworks/vecLib.framework/Versions/A/libLinearAlgebra.dylib
0x0000000007173000 	/System/Library/Frameworks/ApplicationServices.framework/Versions/A/Frameworks/ATS.framework/Versions/A/Resources/libFontParser.dylib
0x0000000007173000 	/System/Library/Frameworks/ApplicationServices.framework/Versions/A/Frameworks/ATS.framework/Versions/A/Resources/libFontRegistry.dylib
0x0000000007173000 	/System/Library/PrivateFrameworks/AppleVPA.framework/Versions/A/AppleVPA
0x0000000007173000 	/System/Library/PrivateFrameworks/AppleJPEG.framework/Versions/A/AppleJPEG
0x0000000007173000 	/System/Library/Frameworks/ImageIO.framework/Versions/A/Resources/libJPEG.dylib
0x0000000007173000 	/System/Library/Frameworks/ImageIO.framework/Versions/A/Resources/libTIFF.dylib
0x0000000007173000 	/System/Library/Frameworks/ImageIO.framework/Versions/A/Resources/libPng.dylib
0x0000000007173000 	/System/Library/Frameworks/ImageIO.framework/Versions/A/Resources/libGIF.dylib
0x0000000007173000 	/System/Library/Frameworks/ImageIO.framework/Versions/A/Resources/libJP2.dylib
0x0000000007173000 	/System/Library/Frameworks/ImageIO.framework/Versions/A/Resources/libRadiance.dylib
0x0000000007173000 	/System/Library/Frameworks/CoreVideo.framework/Versions/A/CoreVideo
0x0000000007173000 	/System/Library/Frameworks/OpenGL.framework/Versions/A/Libraries/libGLU.dylib
0x0000000007173000 	/System/Library/Frameworks/OpenGL.framework/Versions/A/Libraries/libGFXShared.dylib
0x0000000007173000 	/System/Library/Frameworks/OpenGL.framework/Versions/A/Libraries/libGL.dylib
0x0000000007173000 	/System/Library/Frameworks/OpenGL.framework/Versions/A/Libraries/libGLImage.dylib
0x0000000007173000 	/System/Library/Frameworks/OpenGL.framework/Versions/A/Libraries/libCVMSPluginSupport.dylib
0x0000000007173000 	/System/Library/Frameworks/OpenGL.framework/Versions/A/Libraries/libCoreVMClient.dylib
0x0000000007173000 	/usr/lib/libcups.2.dylib
0x0000000007173000 	/System/Library/Frameworks/Kerberos.framework/Versions/A/Kerberos
0x0000000007173000 	/System/Library/Frameworks/GSS.framework/Versions/A/GSS
0x0000000007173000 	/usr/lib/libresolv.9.dylib
0x0000000007173000 	/usr/lib/libiconv.2.dylib
0x0000000007173000 	/System/Library/PrivateFrameworks/Heimdal.framework/Versions/A/Heimdal
0x0000000007173000 	/usr/lib/libheimdal-asn1.dylib
0x0000000007173000 	/System/Library/Frameworks/OpenDirectory.framework/Versions/A/OpenDirectory
0x0000000007173000 	/System/Library/PrivateFrameworks/CommonAuth.framework/Versions/A/CommonAuth
0x0000000007173000 	/System/Library/Frameworks/OpenDirectory.framework/Versions/A/Frameworks/CFOpenDirectory.framework/Versions/A/CFOpenDirectory
0x0000000007173000 	/System/Library/Frameworks/SecurityFoundation.framework/Versions/A/SecurityFoundation
0x0000000007173000 	/System/Library/PrivateFrameworks/LanguageModeling.framework/Versions/A/LanguageModeling
0x0000000007173000 	/usr/lib/libcmph.dylib
0x0000000007173000 	/System/Library/Frameworks/ServiceManagement.framework/Versions/A/ServiceManagement
0x0000000007173000 	/usr/lib/libxslt.1.dylib
0x0000000007173000 	/System/Library/Frameworks/Carbon.framework/Versions/A/Frameworks/Ink.framework/Versions/A/Ink
0x0000000007173000 	/System/Library/Frameworks/QuartzCore.framework/Versions/A/Frameworks/CoreImage.framework/Versions/A/CoreImage
0x0000000007173000 	/System/Library/PrivateFrameworks/CrashReporterSupport.framework/Versions/A/CrashReporterSupport
0x0000000007173000 	/System/Library/Frameworks/OpenCL.framework/Versions/A/OpenCL
0x0000000007173000 	/System/Library/PrivateFrameworks/FaceCore.framework/Versions/A/FaceCore
0x0000000007173000 	/System/Library/PrivateFrameworks/Ubiquity.framework/Versions/A/Ubiquity
0x0000000007173000 	/System/Library/PrivateFrameworks/IconServices.framework/Versions/A/IconServices
0x0000000007173000 	/System/Library/PrivateFrameworks/ChunkingLibrary.framework/Versions/A/ChunkingLibrary
0x0000000007173000 	/System/Library/PrivateFrameworks/Apple80211.framework/Versions/A/Apple80211
0x0000000007173000 	/System/Library/Frameworks/CoreWLAN.framework/Versions/A/CoreWLAN
0x0000000007173000 	/System/Library/Frameworks/IOBluetooth.framework/Versions/A/IOBluetooth
0x0000000007173000 	/System/Library/PrivateFrameworks/CoreWiFi.framework/Versions/A/CoreWiFi
0x0000000007173000 	/System/Library/Frameworks/CoreBluetooth.framework/Versions/A/CoreBluetooth
0x0000000007173000 	/System/Library/PrivateFrameworks/DebugSymbols.framework/Versions/A/DebugSymbols
0x0000000007173000 	/System/Library/PrivateFrameworks/CoreSymbolication.framework/Versions/A/CoreSymbolication
0x0000000007173000 	/System/Library/PrivateFrameworks/Symbolication.framework/Versions/A/Symbolication
0x0000000007173000 	/System/Library/PrivateFrameworks/SpeechRecognitionCore.framework/Versions/A/SpeechRecognitionCore
0x0000000105600000 	/Library/Java/JavaVirtualMachines/jdk1.8.0_60.jdk/Contents/Home/jre/lib/server/libjvm.dylib
0x0000000007173000 	/usr/lib/libstdc++.6.dylib
0x0000000104514000 	/Library/Java/JavaVirtualMachines/jdk1.8.0_60.jdk/Contents/Home/jre/lib/libverify.dylib
0x0000000104522000 	/Library/Java/JavaVirtualMachines/jdk1.8.0_60.jdk/Contents/Home/jre/lib/libjava.dylib
0x0000000104561000 	/Library/Java/JavaVirtualMachines/jdk1.8.0_60.jdk/Contents/Home/jre/lib/libzip.dylib
0x00000001045e3000 	/System/Library/Frameworks/JavaVM.framework/Frameworks/JavaRuntimeSupport.framework/JavaRuntimeSupport
0x00000001221ea000 	/System/Library/Frameworks/JavaVM.framework/Versions/A/Frameworks/JavaNativeFoundation.framework/Versions/A/JavaNativeFoundation
0x00000001221ff000 	/System/Library/Frameworks/JavaVM.framework/Versions/A/JavaVM
0x0000000007173000 	/System/Library/Frameworks/Carbon.framework/Versions/A/Carbon
0x000000012220c000 	/System/Library/PrivateFrameworks/JavaLaunching.framework/Versions/A/JavaLaunching
0x0000000007173000 	/System/Library/Frameworks/Carbon.framework/Versions/A/Frameworks/CommonPanels.framework/Versions/A/CommonPanels
0x0000000007173000 	/System/Library/Frameworks/Carbon.framework/Versions/A/Frameworks/Help.framework/Versions/A/Help
0x0000000007173000 	/System/Library/Frameworks/Carbon.framework/Versions/A/Frameworks/ImageCapture.framework/Versions/A/ImageCapture
0x0000000007173000 	/System/Library/Frameworks/Carbon.framework/Versions/A/Frameworks/OpenScripting.framework/Versions/A/OpenScripting
0x0000000007173000 	/System/Library/Frameworks/Carbon.framework/Versions/A/Frameworks/Print.framework/Versions/A/Print
0x0000000007173000 	/System/Library/Frameworks/Carbon.framework/Versions/A/Frameworks/SecurityHI.framework/Versions/A/SecurityHI
0x0000000124240000 	/Library/Java/JavaVirtualMachines/jdk1.8.0_60.jdk/Contents/Home/jre/lib/libawt.dylib
0x00000001242e8000 	/Library/Java/JavaVirtualMachines/jdk1.8.0_60.jdk/Contents/Home/jre/lib/./libmlib_image.dylib
0x00000001243b4000 	/Library/Java/JavaVirtualMachines/jdk1.8.0_60.jdk/Contents/Home/jre/lib/libawt_lwawt.dylib
0x0000000124469000 	/Library/Java/JavaVirtualMachines/jdk1.8.0_60.jdk/Contents/Home/jre/lib/./libosxapp.dylib
0x0000000007173000 	/System/Library/Frameworks/ExceptionHandling.framework/Versions/A/ExceptionHandling
0x0000000007173000 	/System/Library/PrivateFrameworks/CoreServicesInternal.framework/Versions/A/CoreServicesInternal
0x0000000007173000 	/System/Library/PrivateFrameworks/CloudDocs.framework/Versions/A/CloudDocs
0x0000000007173000 	/System/Library/PrivateFrameworks/CoreDuet.framework/Versions/A/CoreDuet
0x0000000007173000 	/System/Library/Frameworks/CloudKit.framework/Versions/A/CloudKit
0x0000000007173000 	/System/Library/PrivateFrameworks/ProtocolBuffer.framework/Versions/A/ProtocolBuffer
0x0000000007173000 	/System/Library/PrivateFrameworks/CoreDuetDaemonProtocol.framework/Versions/A/CoreDuetDaemonProtocol
0x0000000007173000 	/System/Library/PrivateFrameworks/CoreDuetDebugLogging.framework/Versions/A/CoreDuetDebugLogging
0x0000000007173000 	/System/Library/PrivateFrameworks/MMCS.framework/Versions/A/MMCS
0x0000000007173000 	/System/Library/Frameworks/CoreLocation.framework/Versions/A/CoreLocation
0x0000000007173000 	/System/Library/PrivateFrameworks/ProtectedCloudStorage.framework/Versions/A/ProtectedCloudStorage
0x0000000007173000 	/System/Library/PrivateFrameworks/GeoServices.framework/Versions/A/GeoServices
0x0000000007173000 	/System/Library/Frameworks/CoreGraphics.framework/Versions/A/Resources/libCGCMS.A.dylib
0x0000000007173000 	/System/Library/Frameworks/CoreGraphics.framework/Versions/A/Resources/libRIP.A.dylib
0x0000000007173000 	/System/Library/Frameworks/CoreGraphics.framework/Versions/A/Resources/libCGXType.A.dylib
0x0000000007173000 	/System/Library/Frameworks/OpenCL.framework/Versions/A/Libraries/libcldcpuengine.dylib
0x0000000007173000 	/System/Library/PrivateFrameworks/DiskImages.framework/Versions/A/DiskImages
0x0000000007173000 	/System/Library/Frameworks/DiscRecording.framework/Versions/A/DiscRecording
0x0000000007173000 	/usr/lib/libcsfde.dylib
0x0000000007173000 	/usr/lib/libcurl.4.dylib
0x0000000007173000 	/System/Library/PrivateFrameworks/MediaKit.framework/Versions/A/MediaKit
0x0000000007173000 	/usr/lib/libCoreStorage.dylib
0x0000000007173000 	/System/Library/PrivateFrameworks/EFILogin.framework/Versions/A/EFILogin
0x0000000007173000 	/usr/lib/libutil.dylib
0x0000000007173000 	/System/Library/PrivateFrameworks/FindMyDevice.framework/Versions/A/FindMyDevice
0x0000000007173000 	/System/Library/Frameworks/LDAP.framework/Versions/A/LDAP
0x0000000007173000 	/usr/lib/libsasl2.2.dylib
0x0000000007173000 	/System/Library/PrivateFrameworks/CoreDaemon.framework/Versions/B/CoreDaemon
0x0000000007173000 	/usr/lib/libcrypto.0.9.8.dylib
0x0000000007173000 	/System/Library/PrivateFrameworks/AppleSRP.framework/Versions/A/AppleSRP
0x0000000007173000 	/System/Library/PrivateFrameworks/TrustEvaluationAgent.framework/Versions/A/TrustEvaluationAgent
0x0000000127583000 	cl_kernels
0x0000000127585000 	/System/Library/Frameworks/OpenCL.framework/Versions/A/Libraries/ImageFormats/unorm8_bgra.dylib
0x0000000127575000 	cl_kernels
0x0000000007173000 	/System/Library/PrivateFrameworks/FamilyControls.framework/Versions/A/FamilyControls
0x0000000007173000 	/System/Library/PrivateFrameworks/CommerceKit.framework/Versions/A/Frameworks/CommerceCore.framework/Versions/A/CommerceCore
0x0000000007173000 	/System/Library/PrivateFrameworks/SystemAdministration.framework/Versions/A/SystemAdministration
0x0000000007173000 	/System/Library/PrivateFrameworks/AppContainer.framework/Versions/A/AppContainer
0x0000000007173000 	/System/Library/PrivateFrameworks/SecCodeWrapper.framework/Versions/A/SecCodeWrapper
0x0000000007173000 	/System/Library/Frameworks/DirectoryService.framework/Versions/A/DirectoryService
0x0000000007173000 	/System/Library/PrivateFrameworks/LoginUIKit.framework/Versions/A/Frameworks/LoginUICore.framework/Versions/A/LoginUICore
0x0000000007173000 	/usr/lib/libodfde.dylib
0x0000000007173000 	/System/Library/Frameworks/OpenGL.framework/Versions/A/Resources/GLEngine.bundle/GLEngine
0x0000000007173000 	/System/Library/Frameworks/OpenGL.framework/Versions/A/Libraries/libGLProgrammability.dylib
0x0000000000000000 	/System/Library/Extensions/AppleIntelHD5000GraphicsGLDriver.bundle/Contents/MacOS/AppleIntelHD5000GraphicsGLDriver
0x0000000007173000 	/System/Library/PrivateFrameworks/IOAccelerator.framework/Versions/A/IOAccelerator
0x0000000007173000 	/System/Library/PrivateFrameworks/GPUSupport.framework/Versions/A/Libraries/libGPUSupportMercury.dylib
0x0000000007173000 	/System/Library/Frameworks/OpenGL.framework/Versions/A/Resources/GLRendererFloat.bundle/GLRendererFloat
0x00000001294f5000 	/Library/Java/JavaVirtualMachines/jdk1.8.0_60.jdk/Contents/Home/jre/lib/libfontmanager.dylib
0x000000012a82f000 	/Library/Java/JavaVirtualMachines/jdk1.8.0_60.jdk/Contents/Home/jre/lib/libosxui.dylib
0x000000012a8fd000 	/Library/Java/JavaVirtualMachines/jdk1.8.0_60.jdk/Contents/Home/jre/lib/libnet.dylib
0x000000012ab00000 	/Library/Java/JavaVirtualMachines/jdk1.8.0_60.jdk/Contents/Home/jre/lib/libnio.dylib
0x0000000007173000 	/System/Library/Frameworks/ApplicationServices.framework/Versions/A/Frameworks/ATS.framework/Versions/A/Resources/libTrueTypeScaler.dylib
0x0000000189ace000 	/private/var/folders/mh/2lknkfks3wz2hq1cjmpl9h680000gn/T/jogamp_0000/file_cache/jln4025106426171883656/jln5141543926162623877/libgluegen-rt.jnilib
0x00000001899cb000 	/private/var/folders/mh/2lknkfks3wz2hq1cjmpl9h680000gn/T/jogamp_0000/file_cache/jln4025106426171883656/jln5141543926162623877/libnativewindow_awt.jnilib
0x00000001899ce000 	/Library/Java/JavaVirtualMachines/jdk1.8.0_60.jdk/Contents/Home/jre/lib/libjawt.dylib
0x00000001899d1000 	/private/var/folders/mh/2lknkfks3wz2hq1cjmpl9h680000gn/T/jogamp_0000/file_cache/jln4025106426171883656/jln5141543926162623877/libnativewindow_macosx.jnilib
0x000000018e908000 	/private/var/folders/mh/2lknkfks3wz2hq1cjmpl9h680000gn/T/jogamp_0000/file_cache/jln4025106426171883656/jln5141543926162623877/libjogl_desktop.jnilib
0x0000000189ad2000 	/Library/Java/JavaVirtualMachines/jdk1.8.0_60.jdk/Contents/Home/jre/lib/libt2k.dylib

VM Arguments:
jvm_args: -Djava.security.policy=java.policy.applet -Dfile.encoding=UTF-8 
java_command: sun.applet.AppletViewer module4.EarthquakeCityMap1443986657633.html
java_class_path (initial): /Users/apaswami/Documents/myoop/UCSDUnfoldingMaps/build:/Users/apaswami/Documents/myoop/UCSDUnfoldingMaps/lib/core.jar:/Users/apaswami/Documents/myoop/UCSDUnfoldingMaps/lib/gluegen-rt.jar:/Users/apaswami/Documents/myoop/UCSDUnfoldingMaps/lib/jogl-all.jar:/Users/apaswami/Documents/myoop/UCSDUnfoldingMaps/lib/log4j-1.2.15.jar:/Users/apaswami/Documents/myoop/UCSDUnfoldingMaps/lib/sqlite-jdbc-3.7.2.jar:/Users/apaswami/Documents/myoop/UCSDUnfoldingMaps/lib/json4processing.jar:/Users/apaswami/Documents/myoop/UCSDUnfoldingMaps/lib/libTUIO.jar:/Users/apaswami/Documents/myoop/UCSDUnfoldingMaps/lib/unfolding.0.9.7-uscd.jar
Launcher Type: SUN_STANDARD

Environment Variables:
PATH=/usr/bin:/bin:/usr/sbin:/sbin
SHELL=/bin/bash
DISPLAY=/private/tmp/com.apple.launchd.7AzEaNpeQB/org.macosforge.xquartz:0

Signal Handlers:
SIGSEGV: [libjvm.dylib+0x5a6d31], sa_mask[0]=11111111011111110111111111111111, sa_flags=SA_ONSTACK|SA_RESTART|SA_SIGINFO
SIGBUS: [libjvm.dylib+0x5a6d31], sa_mask[0]=11111111011111110111111111111111, sa_flags=SA_RESTART|SA_SIGINFO
SIGFPE: [libjvm.dylib+0x480a4c], sa_mask[0]=11111111011111110111111111111111, sa_flags=SA_RESTART|SA_SIGINFO
SIGPIPE: [libjvm.dylib+0x480a4c], sa_mask[0]=11111111011111110111111111111111, sa_flags=SA_RESTART|SA_SIGINFO
SIGXFSZ: [libjvm.dylib+0x480a4c], sa_mask[0]=11111111011111110111111111111111, sa_flags=SA_RESTART|SA_SIGINFO
SIGILL: [libjvm.dylib+0x480a4c], sa_mask[0]=11111111011111110111111111111111, sa_flags=SA_RESTART|SA_SIGINFO
SIGUSR1: SIG_DFL, sa_mask[0]=00000000000000000000000000000000, sa_flags=none
SIGUSR2: [libjvm.dylib+0x48056a], sa_mask[0]=00100000000000000000000000000000, sa_flags=SA_RESTART|SA_SIGINFO
SIGHUP: [libjvm.dylib+0x47eb41], sa_mask[0]=11111111011111110111111111111111, sa_flags=SA_RESTART|SA_SIGINFO
SIGINT: [libjvm.dylib+0x47eb41], sa_mask[0]=11111111011111110111111111111111, sa_flags=SA_RESTART|SA_SIGINFO
SIGTERM: [libjvm.dylib+0x47eb41], sa_mask[0]=11111111011111110111111111111111, sa_flags=SA_RESTART|SA_SIGINFO
SIGQUIT: [libjvm.dylib+0x47eb41], sa_mask[0]=11111111011111110111111111111111, sa_flags=SA_RESTART|SA_SIGINFO


---------------  S Y S T E M  ---------------

OS:Bsduname:Darwin 14.3.0 Darwin Kernel Version 14.3.0: Mon Mar 23 11:59:05 PDT 2015; root:xnu-2782.20.48~5/RELEASE_X86_64 x86_64
rlimit: STACK 8192k, CORE 0k, NPROC 709, NOFILE 10240, AS infinity
load average:1.97 1.76 1.79

CPU:total 8 (4 cores per cpu, 2 threads per core) family 6 model 70 stepping 1, cmov, cx8, fxsr, mmx, sse, sse2, sse3, ssse3, sse4.1, sse4.2, popcnt, avx, avx2, aes, clmul, erms, lzcnt, ht, tsc, tscinvbit, bmi1, bmi2

Memory: 4k page, physical 16777216k(635980k free)

/proc/meminfo:


vm_info: Java HotSpot(TM) 64-Bit Server VM (25.60-b23) for bsd-amd64 JRE (1.8.0_60-b27), built on Aug  4 2015 10:47:24 by "java_re" with gcc 4.2.1 (Based on Apple Inc. build 5658) (LLVM build 2336.11.00)

time: Sun Oct  4 14:24:24 2015
elapsed time: 6 seconds (0d 0h 0m 6s)

